[16:1:33] Application Start
[16:2:18] 转换线程启动
[16:2:18] 分析Active/Active.xlsx:rewardfood
[16:2:18] 生成文件RewardFood.ini
[16:2:18] 分析Active/Active.xlsx:orangeGift
[16:2:18] 生成文件OrangeGift.ini
[16:2:18] 分析Active/Active.xlsx:PharmacyItemReward
[16:2:18] 生成文件PharmacyItemReward.ini
[16:2:18] 分析Active/Active.xlsx:ActiveConfig
[16:2:18] 生成文件ActiveConfig.ini
[16:2:18] 分析Active/DayGoal.xlsx:DayGoalScore
[16:2:18] 生成文件DayGoalScore.ini
[16:2:18] 分析Active/DayGoal.xlsx:RewardLevel
[16:2:18] 生成文件RewardLevel.ini
[16:2:18] 分析Active/DayGoal.xlsx:RewardRate
[16:2:18] 生成文件RewardRate.ini
[16:2:18] 分析Active/DayGoal.xlsx:WeekReward
[16:2:18] 生成文件WeekReward.ini
[16:2:18] 分析Active/DayGoal.xlsx:OfflinePrize
[16:2:18] 生成文件OfflinePrize.ini
[16:2:19] 分析Active/TreasureCfg.xlsx:TreasureScore
[16:2:19] 生成文件TreasureScore.ini
[16:2:19] 分析Active/TreasureCfg.xlsx:TreasureType
[16:2:19] 生成文件TreasureType.ini
[16:2:19] 分析Active/TreasureCfg.xlsx:TreasureProp
[16:2:19] 生成文件TreasureProp.ini
[16:2:19] 分析Active/TreasureCfg.xlsx:TreasureRole
[16:2:19] 生成文件TreasureRole.ini
[16:2:19] 分析Active/SustainCfg.xlsx:LastTime
[16:2:19] 生成文件LastTime.ini
[16:2:19] 分析Active/SustainCfg.xlsx:SustainCfg
[16:2:19] 生成文件SustainCfg.ini
[16:2:19] 分析Active/SustainCfg.xlsx:NewHandGift
[16:2:19] 生成文件NewHandGift.ini
[16:2:20] 分析Active/MonthSighIn.xlsx:SighInScore
[16:2:20] 生成文件SighInScore.ini
[16:2:20] 分析Active/MonthSighIn.xlsx:NormalGiftOdd
[16:2:21] 生成文件NormalGiftOdd.ini
[16:2:21] 分析Active/MonthSighIn.xlsx:SpecialGiftOdd
[16:2:22] 生成文件SpecialGiftOdd.ini
[16:2:22] 分析Active/MonthSighIn.xlsx:SighInCfg
[16:2:22] 生成文件SighInCfg.ini
[16:2:22] 生成成功
[16:2:22] 关闭Excel读取环境
[16:2:22] 文件生成结束
