[10:28:54] Application Start
[10:29:0] 转换线程启动
[10:29:0] 分析Item/Item.xlsx:toolitem
[10:29:1] 分析Item/Item.xlsx:taskitem
[10:29:2] 分析Item/Item.xlsx:jewelitem
[10:29:4] 分析Item/Item.xlsx:cropitem
[10:29:6] 分析Pet/PetItem.xlsx:PetItem
[10:29:18] 分析Pet/PetItem.xlsx:PetReel
[10:29:20] 分析Equip/Equip.xlsx:equipitem
[10:29:35] 分析Item/Item.xlsx:pharmacyitem
[10:29:35] 分析Item/Item.xlsx:debrisitem
[10:29:51] 分析Equip/Equip.xlsx:avataritem
[10:30:54] 分析Item/Item.xlsx:skillbook
[10:30:55] 分析Item/Item.xlsx:composemethoditem
[10:30:55] 分析Item/Item.xlsx:giftbagitem
[10:30:55] 分析Item/Item.xlsx:fooditem
[10:31:0] 分析Equip/Equip.xlsx:magicitem
[10:31:6] 分析Item/Item.xlsx:freetimesitem
[10:31:6] 分析Item/Item.xlsx:effortitem
[10:31:6] 分析Item/Item.xlsx:diceitem
[10:31:6] 分析Item/Item.xlsx:titleitem
[10:31:7] 分析Item/Item.xlsx:impressitem
[10:31:7] 分析Item/Item.xlsx:impressrateitem
[10:31:7] 分析Item/Item.xlsx:HomeEgg
[10:31:8] 分析Item/Item.xlsx:carditem
[10:31:9] 分析Item/Item.xlsx:TailBeastItem
[10:31:9] 分析Item/Item.xlsx:SustainItem
[10:31:9] 分析Item/Item.xlsx:blooditem
[10:31:10] 分析Item/Item.xlsx:bloodsoul
[10:31:10] 生成文件item.ini
[10:31:11] 生成成功
[10:31:11] 关闭Excel读取环境
[10:31:11] 文件生成结束
