[16:6:42] Application Start
[16:6:57] 转换线程启动
[16:6:58] 分析Npc/Npc.xlsx:normalnpc
[16:7:21] 分析Npc/Npc.xlsx:funnpc
[16:7:21] 分析Npc/Npc.xlsx:buildnpc
[16:7:21] 分析Npc/Npc.xlsx:TaskBossNpc
[16:7:22] 分析Npc/Npc.xlsx:TicketBossNpc
[16:7:33] 分析Npc/Npc.xlsx:CompeteNpc
[16:7:38] 分析Npc/Npc.xlsx:SingleGateNpc
[16:7:40] 分析Npc/Npc.xlsx:PubSceneFightNpc
[16:7:44] 分析Npc/Npc.xlsx:TailBeastNpc
[16:7:45] 生成文件npc.ini
[16:7:46] 分析Npc/RefresNpc.xlsx:staticnpc
[16:7:47] 生成文件RefresNpc.ini
[16:7:47] 分析Npc/NpcRecord.xlsx:record
[16:7:55] 分析Npc/NpcRecord.xlsx:record1
[16:7:55] 生成文件npcrecordvalue.ini
[16:7:56] 分析Npc/Npc.xlsx:funnpcrec
[16:7:56] 分析Npc/Npc.xlsx:normalnpcrec
[16:8:3] 分析Npc/Npc.xlsx:TicketBossNpcRec
[16:8:3] 生成文件npcrecord.ini
[16:8:4] 分析Npc/RefresNpc.xlsx:heartnpc
[16:8:6] 生成文件RefresHeartNpc.ini
[16:8:7] 分析Npc/Npc.xlsx:NinjaNpc
[16:8:7] 生成文件NinjaNpc.ini
[16:8:7] 生成成功
[16:8:7] 关闭Excel读取环境
[16:8:7] 文件生成结束
