[10:59:28] Application Start
[10:59:31] 转换线程启动
[10:59:31] 分析Scene/Scene.xlsx:logicscene
[10:59:31] 生成文件logicscene.ini
[10:59:31] 分析Scene/Scene.xlsx:scenequeue
[10:59:31] 生成文件scenequeue.ini
[10:59:31] 分析Scene/Scene.xlsx:sceneswitchrule
[10:59:32] 生成文件sceneswitchrule.ini
[10:59:32] 分析Scene/Scene.xlsx:nationscene
[10:59:32] 生成文件nationscene.ini
[10:59:33] 分析Npc/Npc.xlsx:normalnpc
[10:59:54] 分析Npc/Npc.xlsx:funnpc
[10:59:54] 分析Npc/Npc.xlsx:buildnpc
[10:59:54] 分析Npc/Npc.xlsx:TaskBossNpc
[10:59:54] 分析Npc/Npc.xlsx:TicketBossNpc
[11:0:5] 分析Npc/Npc.xlsx:CompeteNpc
[11:0:9] 分析Npc/Npc.xlsx:SingleGateNpc
[11:0:11] 分析Npc/Npc.xlsx:PubSceneFightNpc
[11:0:14] 分析Npc/Npc.xlsx:TailBeastNpc
[11:0:15] 生成文件npc.ini
[11:0:16] 分析Npc/RefresNpc.xlsx:staticnpc
[11:0:17] 生成文件RefresNpc.ini
[11:0:17] 分析Npc/NpcRecord.xlsx:record
[11:0:25] 分析Npc/NpcRecord.xlsx:record1
[11:0:25] 生成文件npcrecordvalue.ini
[11:0:26] 分析Npc/Npc.xlsx:funnpcrec
[11:0:26] 分析Npc/Npc.xlsx:normalnpcrec
[11:0:32] 分析Npc/Npc.xlsx:TicketBossNpcRec
[11:0:32] 生成文件npcrecord.ini
[11:0:33] 分析Npc/RefresNpc.xlsx:heartnpc
[11:0:35] 生成文件RefresHeartNpc.ini
[11:0:36] 分析Npc/Npc.xlsx:NinjaNpc
[11:0:36] 生成文件NinjaNpc.ini
[11:0:37] 分析Role/RoleConfig.xlsx:role
[11:0:37] 分析Role/RoleConfig.xlsx:levelexp
[11:0:37] 生成文件LevelExp.ini
[11:0:37] 分析Role/RoleConfig.xlsx:levelpoint
[11:0:37] 分析Role/RoleConfig.xlsx:skillpoint
[11:0:37] 分析Role/RoleConfig.xlsx:pointconfig
[11:0:37] 生成文件LevelPoint.ini
[11:0:38] 分析Role/RoleBase.xlsx:InitProperty
[11:1:14] 生成文件RoleInitProperty.ini
[11:1:15] 分析Role/RoleAutoAction.xlsx:RoleAutoAction
[11:1:15] 生成文件RoleAutoAction.ini
[11:1:16] 分析Role/RoleOutSearch.xlsx:RoleOutSearch
[11:1:17] 生成文件RoleOutSearch.ini
[11:1:17] 分析Role/RoleOutSearch.xlsx:BossFactory
[11:1:17] 生成文件BossFactory.ini
[11:1:17] 分析Role/RoleOutSearch.xlsx:BabyFactory
[11:1:17] 生成文件BabyFactory.ini
[11:1:17] 分析Role/RoleOutSearch.xlsx:ItemFactory
[11:1:21] 生成文件ItemFactory.ini
[11:1:21] 分析Role/RoleOutSearch.xlsx:GameFactory
[11:1:21] 生成文件GameFactory.ini
[11:1:21] 分析Role/RoleOutSearch.xlsx:OutSearchCommon
[11:1:21] 生成文件OutSearchCommon.ini
[11:1:21] 分析Role/RoleAutoAttack.xlsx:AutoAttack
[11:1:21] 生成文件AutoAttack.ini
[11:1:21] 分析Role/RoleAutoAttack.xlsx:AutoAttackCommon
[11:1:21] 生成文件AutoAttackCommon.ini
[11:1:22] 分析Role/RoleOutSearch.xlsx:KeyFactory
[11:1:22] 生成文件KeyFactory.ini
[11:1:22] 分析Role/Chat.xlsx:chat
[11:1:22] 生成文件Chat.ini
[11:1:22] 分析Role/Look.xlsx:Show
[11:1:22] 生成文件Look.ini
[11:1:23] 分析Role/RoleOutSearch.xlsx:GostFactory
[11:1:23] 生成文件GostFactory.ini
[11:1:23] 分析Role/Adult.xlsx:adult
[11:1:23] 生成文件Adult.ini
[11:1:23] 分析Role/RoleConfig.xlsx:explevelmul
[11:1:23] 生成文件explevelmul.ini
[11:1:24] 分析Role/Gift.xlsx:gift
[11:1:24] 生成文件gift.ini
[11:1:24] 分析Role/Gift.xlsx:giftitem
[11:1:24] 生成文件giftitem.ini
[11:1:24] 分析Role/Gift.xlsx:card
[11:1:24] 生成文件card.ini
[11:1:25] 类 Workbooks 的 Add 方法无效
[11:1:25] 转换Role/Top.xlsx:top时错误
[11:1:25] 分析Role/Relive.xlsx:relive
[11:1:25] 生成文件relive.ini
[11:1:25] 分析Role/RoleConfig.xlsx:title
[11:1:25] 生成文件Title.ini
[11:1:25] 分析Role/RoleEffort.xlsx:Effort
[11:1:26] 生成文件Effort.ini
[11:1:26] 分析Role/TurnCard.xlsx:CardsScore
[11:1:26] 生成文件CardsScore.ini
[11:1:26] 分析Role/TurnCard.xlsx:CardTypeRate
[11:1:26] 生成文件CardTypeRate.ini
[11:1:26] 分析Role/TurnCard.xlsx:TrunCardDopType
[11:1:26] 生成文件TrunCardDopType.ini
[11:1:26] 分析Role/TurnCard.xlsx:TurnCardProp
[11:1:26] 生成文件TurnCardProp.ini
[11:1:26] 分析Role/Gift.xlsx:giftitemConfig
[11:1:26] 生成文件giftitemConfig.ini
[11:1:27] 分析Item/Item.xlsx:toolitem
[11:1:28] 分析Item/Item.xlsx:taskitem
[11:1:29] 分析Item/Item.xlsx:jewelitem
[11:1:31] 分析Item/Item.xlsx:cropitem
[11:1:32] 分析Pet/PetItem.xlsx:PetItem
[11:1:42] 分析Pet/PetItem.xlsx:PetReel
[11:1:44] 分析Equip/Equip.xlsx:equipitem
[11:1:57] 分析Item/Item.xlsx:pharmacyitem
[11:1:58] 分析Item/Item.xlsx:debrisitem
[11:2:12] 分析Equip/Equip.xlsx:avataritem
[11:3:6] 分析Item/Item.xlsx:skillbook
[11:3:7] 分析Item/Item.xlsx:composemethoditem
[11:3:7] 分析Item/Item.xlsx:giftbagitem
[11:3:8] 分析Item/Item.xlsx:fooditem
[11:3:12] 分析Equip/Equip.xlsx:magicitem
[11:3:17] 分析Item/Item.xlsx:freetimesitem
[11:3:18] 分析Item/Item.xlsx:effortitem
[11:3:18] 分析Item/Item.xlsx:diceitem
[11:3:18] 分析Item/Item.xlsx:titleitem
[11:3:19] 分析Item/Item.xlsx:impressitem
[11:3:19] 分析Item/Item.xlsx:impressrateitem
[11:3:19] 分析Item/Item.xlsx:HomeEgg
[11:3:20] 分析Item/Item.xlsx:carditem
[11:3:21] 分析Item/Item.xlsx:TailBeastItem
[11:3:21] 分析Item/Item.xlsx:SustainItem
[11:3:21] 分析Item/Item.xlsx:blooditem
[11:3:21] 分析Item/Item.xlsx:bloodsoul
[11:3:22] 生成文件item.ini
[11:3:23] 分析Item/ItemRecord.xlsx:record
[11:3:23] 生成文件itemrecordvalue.ini
[11:3:23] 分析item/Item.xlsx:ItemCDTimeCfg
[11:3:23] 生成文件ItemCDTimeCfg.ini
[11:3:24] 分析Item/Item.xlsx:bloodsoulGather
[11:3:24] 生成文件bloodsoulGather.ini
[11:3:24] 分析Item/Item.xlsx:bloodsoulLib
[11:3:24] 生成文件bloodsoulLib.ini
[11:3:25] 分析Item/Item.xlsx:bloodsoulPropDefine
[11:3:25] 生成文件bloodsoulPropDefine.ini
[11:3:25] 分析Fight/Fight.xlsx:fight
[11:3:25] 生成文件fight.ini
[11:3:25] 分析Skill/Skill.xlsx:主动技能
[11:3:28] 分析Skill/Skill.xlsx:被动技能
[11:3:29] 分析Skill/Skill.xlsx:触发技能
[11:3:33] 生成文件skill.ini
[11:3:33] 分析Skill/Skill.xlsx:skilladd
[11:3:33] 生成文件skilladd.ini
[11:3:34] 分析Skill/buff.xlsx:FightBuff
[11:3:34] 生成文件FightBuff.ini
[11:3:34] 分析Skill/buff.xlsx:buffadd
[11:3:35] 生成文件buffadd.ini
[11:3:35] 分析Skill/UpSkillCfg.xlsx:UpSkillCfg
[11:3:36] 生成文件UpSkilCfg.ini
[11:3:36] 分析Skill/UpSkillCfg.xlsx:NationUpSkill
[11:3:36] 生成文件NationUpSkill.ini
[11:3:36] 分析Skill/buff.xlsx:UnFightBuff
[11:3:37] 生成文件UnFightBuff.ini
[11:3:37] 分析Skill/UpSkillCfg.xlsx:UpSkillLimit
[11:3:37] 生成文件UpSkillLimit.ini
[11:3:38] 分析Interaction/Interaction.xlsx:interaction
[11:3:38] 生成文件interaction.ini
[11:3:38] 分析Interaction/Train.xlsx:roominfo
[11:3:47] 生成文件RoomInfo.ini
[11:3:47] 分析Interaction/Train.xlsx:groupinfo
[11:3:47] 生成文件GroupInfo.ini
[11:3:47] 分析Interaction/Train.xlsx:exp
[11:3:48] 生成文件TrainExp.ini
[11:3:48] 分析Interaction/Train.xlsx:itemlib
[11:3:48] 生成文件TrainItemLib.ini
[11:3:48] 分析Interaction/Train.xlsx:config
[11:3:48] 生成文件TrainConfig.ini
[11:3:48] 分析Interaction/FindFriend.xlsx:findfriend
[11:3:48] 生成文件findfriend.ini
[11:3:49] 分析Task/Task.xlsx:Task
[11:4:28] 生成文件Task.ini
[11:4:29] 分析Task/Task.xlsx:SubTask
[11:4:43] 生成文件SubTask.ini
[11:4:43] 分析Task/Task.xlsx:TaskMonsterDrop
[11:4:44] 生成文件TaskMonsterDrop.ini
[11:4:44] 分析Task/Task.xlsx:TaskRewardItems
[11:4:44] 生成文件TaskRewardItems.ini
[11:4:44] 分析Task/Task.xlsx:DayTaskPropConfig
[11:4:44] 生成文件TaskPropCfg.ini
[11:4:44] 分析Task/Task.xlsx:DayTaskFlushCount
[11:4:44] 生成文件DayTaskFlushCount.ini
[11:4:44] 分析Task/Task.xlsx:ExceptTaskScene
[11:4:44] 生成文件ExceptTaskScene.ini
[11:4:44] 分析Task/Task.xlsx:DayTaskLevelLib
[11:4:44] 生成文件DayTaskLevelLib.ini
[11:4:44] 分析Task/Task.xlsx:TaskBroadCastItem
[11:4:44] 生成文件TaskBroadCastItem.ini
[11:4:45] 分析Compete/Compete.xlsx:compete
[11:4:45] 生成文件compete.ini
[11:4:45] 分析Compete/Compete.xlsx:rank
[11:4:45] 生成文件competerank.ini
[11:4:45] 分析Compete/Compete.xlsx:competenpc
[11:4:45] 生成文件competenpc.ini
[11:4:45] 分析Compete/Compete.xlsx:prize
[11:4:52] 生成文件competeprize.ini
[11:4:52] 分析Compete/Compete.xlsx:prizemachine
[11:4:52] 生成文件prizemachine.ini
[11:4:52] 分析Compete/WorldCup.xlsx:worldcup
[11:4:52] 生成文件worldcup.ini
[11:4:52] 分析Compete/Compete.xlsx:NationMatchOrder
[11:4:52] 生成文件NationMatchOrder.ini
[11:4:52] 分析Compete/Compete.xlsx:NationMatchTime
[11:4:52] 生成文件NationMatchTime.ini
[11:4:52] 分析Compete/Compete.xlsx:NationMatchPrize
[11:4:52] 生成文件NationMatchPrize.ini
[11:4:52] 分析Compete/Compete.xlsx:ScorePrize
[11:4:53] 生成文件scoreprize.ini
[11:4:53] 分析Compete/Compete.xlsx:HonorExp
[11:4:53] 生成文件HonorExp.ini
[11:4:53] 分析Compete/Server_LeiTai.xlsx:LeiTai_config
[11:4:53] 生成文件leiTaiConfig.ini
[11:4:53] 分析Compete/Server_LeiTai.xlsx:LeiTai_Level
[11:4:53] 生成文件levelTab.ini
[11:4:53] 分析Compete/Server_LeiTai.xlsx:LeiTai_Drop
[11:4:53] 生成文件leitaiDrop.ini
[11:4:56] 分析Equip/Equip.xlsx:equipaddprop
[11:4:56] 生成文件AddProp.ini
[11:4:56] 分析Equip/Equip.xlsx:identifyproplib
[11:4:58] 生成文件IdentifyPropLib.ini
[11:4:58] 分析Equip/Equip.xlsx:equipidentifyprop
[11:5:1] 生成文件EquipIdentifyProp.ini
[11:5:1] 分析Equip/Equip.xlsx:avataraddskill
[11:5:13] 生成文件AvatarAddSkill.ini
[11:5:13] 分析Equip/Equip.xlsx:suitprop
[11:5:14] 生成文件SuitProp.ini
[11:5:14] 分析Equip/Equip.xlsx:equipidentifyidlist
[11:5:14] 生成文件EquipIdentifyIDList.ini
[11:5:14] 分析Equip/Equip.xlsx:avataraffectskill
[11:5:14] errorExcel行数太少Equip/Equip.xlsx:avataraffectskill
[11:5:14] 分析Equip/Equip.xlsx:equipcompose
[11:7:52] 生成文件EquipCompose.ini
[11:7:52] 分析Equip/Equip.xlsx:equipcommon
[11:7:52] 生成文件EquipCommon.ini
[11:7:52] 分析Equip/Equip.xlsx:equipcomposerand
[11:7:53] 生成文件EquipComposeRand.ini
[11:7:53] 分析Equip/Equip.xlsx:avatarclothingmap
[11:7:53] 生成文件avatarclothingmap.ini
[11:7:53] 分析Equip/Equip.xlsx:equipeffectskilllib
[11:7:53] 生成文件equipeffectskilllib.ini
[11:7:53] 分析Equip/Equip.xlsx:EquipPropDefine
[11:7:54] 生成文件EquipPropDefine.ini
[11:7:54] 分析Equip/Equip.xlsx:equipPropConfig
[11:7:54] 生成文件equipPropConfig.ini
[11:7:54] 分析Equip/Equip.xlsx:ConsolidateFailRate
[11:7:54] 生成文件ConsolidateFailRate.ini
[11:7:54] 分析Equip/Equip.xlsx:magicproplib
[11:7:54] 生成文件MagicPropLib.ini
[11:7:58] 分析Equip/AvatarCollect.xlsx:avatarcollect
[11:7:58] 生成文件avatarcollect.ini
[11:7:58] 分析Equip/AvatarCollect.xlsx:orange
[11:8:0] 生成文件orangecollect.ini
[11:8:0] 分析Equip/AvatarCollect.xlsx:bule
[11:8:2] 生成文件bulecollect.ini
[11:8:2] 分析Equip/AvatarCollect.xlsx:jrea
[11:8:3] 生成文件jreacollect.ini
[11:8:3] 分析Equip/AvatarCollect.xlsx:avataradd
[11:8:3] 生成文件jreacollectadd.ini
[11:8:3] 分析Equip/AvatarCollect.xlsx:avataraddday
[11:8:3] 生成文件avataraddday.ini
[11:8:5] 分析Equip/Equip.xlsx:RingExChange
[11:8:5] 生成文件RingExChange.ini
[11:8:5] 分析Equip/Equip.xlsx:ImpressRate
[11:8:5] 生成文件ImpressRate.ini
[11:8:9] 分析Equip/AvaterChange.xlsx:changeequip
[11:8:9] 生成文件changeequip.ini
[11:8:9] 分析Equip/AvaterChange.xlsx:advanced
[11:8:11] 生成文件advanced.ini
[11:8:11] 分析Equip/AvaterChange.xlsx:changevalue
[11:8:11] 生成文件advancedconfig.ini
[11:8:11] 分析Equip/AvaterChange.xlsx:changeitem
[11:8:11] 生成文件changeitem.ini
[11:8:12] 分析Equip/AvatarRecast.xlsx:AvatarRecast
[11:8:26] 生成文件AvatarRecast.ini
[11:8:26] 分析Equip/AvatarRecast.xlsx:AvatarRecastBaseLib
[11:8:26] 生成文件AvatarRecastBaseLib.ini
[11:8:26] 分析Equip/AvatarRecast.xlsx:AvatarRecastCfg
[11:8:26] 生成文件AvatarRecastCfg.ini
[11:8:29] 分析Equip/Equip.xlsx:EquipInscribe
[11:8:29] 生成文件EquipInscribe.ini
[11:8:29] 分析Equip/Equip.xlsx:SealOdds
[11:8:29] 生成文件SealOdds.ini
[11:8:29] 分析Equip/Equip.xlsx:DragonExchange
[11:8:29] 生成文件DragonExchange.ini
[11:8:29] 分析Equip/Equip.xlsx:CantComposerItem
[11:8:29] 生成文件CantComposerItem.ini
[11:8:33] 分析Commerce/NpcBox.xlsx:npcbox
[11:8:33] 生成文件npcbox.ini
[11:8:33] 分析Commerce/NpcBox.xlsx:npcboxitem
[11:8:33] 生成文件npcboxitem.ini
[11:8:33] 分析Commerce/RefreshItemContainer.xlsx:refreshcontainer
[11:8:33] 生成文件refreshcontainer.ini
[11:8:33] 分析Commerce/RefreshItemContainer.xlsx:refreshitems
[11:8:37] 生成文件refreshitems.ini
[11:8:37] 分析Commerce/VirtualShop.xlsx:virtualshop
[11:8:38] 生成文件virtualshop.ini
[11:8:38] 分析Commerce/MysticShop.xlsx:MysticNpcLib
[11:8:38] 生成文件MysticNpcLib.ini
[11:8:38] 分析Commerce/MysticShop.xlsx:MysticItemLib
[11:8:38] 生成文件MysticItemLib.ini
[11:8:38] 分析Commerce/MysticShop.xlsx:MysticNpcTime
[11:8:38] 生成文件MysticNpcTime.ini
[11:8:38] 分析Commerce/MysticShop.xlsx:MysticNpcLocation
[11:8:38] 生成文件MysticNpcLocation.ini
[11:8:38] 分析Commerce/MysticShop.xlsx:MysticBuyCnt
[11:8:38] 生成文件MysticCfg.ini
[11:8:39] 分析pet/PetExp.xlsx:PetExp
[11:8:39] 分析pet/PetExp.xlsx:PetMaxLevel
[11:8:39] 生成文件PetCfg.ini
[11:8:39] 分析pet/PetItem.xlsx:PetActCapital
[11:8:39] 生成文件PetActCapital.ini
[11:8:39] 分析pet/PetItem.xlsx:PetSrcPro
[11:8:42] 生成文件PetSrcPro.ini
[11:8:42] 分析pet/PetItem.xlsx:PetGrow
[11:8:42] 生成文件PetGrow.ini
[11:8:42] 分析pet/PetItem.xlsx:PetFeedLib
[11:8:42] 生成文件PetFeedLib.ini
[11:8:42] 分析pet/PetItem.xlsx:PetSkillCnt
[11:8:42] 生成文件PetSkillCnt.ini
[11:8:42] 分析pet/PetItem.xlsx:PetSkillSrc
[11:8:43] 生成文件PetSkillSrc.ini
[11:8:43] 分析pet/PetItem.xlsx:PetSkillLib
[11:8:51] 生成文件PetSkillLib.ini
[11:8:52] 分析Mail/Mail.xlsx:SystemInitMail
[11:8:52] errorExcel行数太少Mail/Mail.xlsx:SystemInitMail
[11:8:52] 分析Mail/Mail.xlsx:MailPropConfig
[11:8:52] 生成文件MailPropConfig.ini
[11:8:52] 分析Home/SlaveCfg.xlsx:SlaveConfig
[11:8:52] 生成文件SlaveCfg.ini
[11:8:52] 分析Home/GardenCfg.xlsx:GardenConfig
[11:8:52] 分析Home/GardenCfg.xlsx:PioneerCapital
[11:8:52] 分析Home/GardenCfg.xlsx:GardenLevCfg
[11:8:52] 分析Home/GardenCfg.xlsx:GaedenSceneId
[11:8:52] 生成文件GardenCfg.ini
[11:8:53] 分析Home/DepotCfg.xlsx:ActiveCapital
[11:8:53] 分析Home/DepotCfg.xlsx:MaxCapital
[11:8:53] 生成文件DepotCfg.ini
[11:8:53] 分析Home/BedroomCfg.xlsx:BedCfg
[11:8:53] 生成文件BedroomCfg.ini
[11:8:53] 分析Home/WorkShopCfg.xlsx:UpgradeCapital
[11:8:53] 分析Home/WorkShopCfg.xlsx:SaleAdd
[11:8:53] 分析Home/WorkShopCfg.xlsx:MaxLevel
[11:8:53] 分析Home/WorkShopCfg.xlsx:TransCrop
[11:8:53] 生成文件WorkShopCfg.ini
[11:8:54] 分析Home/LaborCfg.xlsx:LaborNpc
[11:8:54] 生成文件LaborNpc.ini
[11:8:54] 分析Home/LaborCfg.xlsx:Level
[11:8:54] 生成文件LaborLev.ini
[11:8:54] 分析Home/PetCfg.xlsx:Config
[11:8:54] 生成文件HomePetCfg.ini
[11:8:54] 分析home/HomeCfg.xlsx:Exp
[11:8:54] 分析home/HomeCfg.xlsx:Capital
[11:8:54] 生成文件HomeCfg.ini
[11:8:54] 分析Home/GardenCfg.xlsx:ActiveItem
[11:8:55] 生成文件GardenActiveItem.ini
[11:8:55] 分析Home/SlaveCfg.xlsx:CountCfg
[11:8:55] 生成文件SlaveCount.ini
[11:8:55] 分析Home/SlaveCfg.xlsx:Inter
[11:8:55] 生成文件SlaveInter.ini
[11:8:55] 分析Home/Home.xlsx:BuildPos
[11:9:0] 生成文件BuildPos.ini
[11:9:0] 分析Home/Home.xlsx:BuildInfo
[11:9:0] 生成文件BuildInfo.ini
[11:9:0] 分析Home/Home.xlsx:AdornPos
[11:9:4] 生成文件AdornPos.ini
[11:9:5] 分析Home/Home.xlsx:AdornInfo
[11:9:5] 生成文件AdornInfo.ini
[11:9:5] 分析Home/Home.xlsx:HomeEgg
[11:9:6] 生成文件HomeEgg.ini
[11:9:6] 分析Home/Home.xlsx:IncubateCfg
[11:9:6] 生成文件IncubateCfg.ini
[11:9:6] 分析Home/Home.xlsx:HomeDepot
[11:9:6] 生成文件HomeDepotCfg.ini
[11:9:6] 分析Home/Home.xlsx:HomeAllCfg
[11:9:6] 生成文件HomeAllCfg.ini
[11:9:6] 分析Home/Home.xlsx:HomeWide
[11:9:6] 生成文件HomeWide.ini
[11:9:6] 分析Home/Home.xlsx:WeedInfo
[11:9:6] 生成文件WeedInfo.ini
[11:9:6] 分析Home/Home.xlsx:OutputInfo
[11:9:6] 生成文件OutputInfo.ini
[11:9:6] 分析Home/TaskBoardCfg.xlsx:TaskBoard
[11:9:7] 生成文件TaskBoard.ini
[11:9:7] 分析Home/TaskBoardCfg.xlsx:BoardLevel
[11:9:7] 生成文件BoardLevel.ini
[11:9:7] 分析Home/TaskBoardCfg.xlsx:TaskBoardProp
[11:9:7] 生成文件TaskBoardProp.ini
[11:9:7] 分析Home/VisitorBoardCfg.xlsx:VisitorBoard
[11:9:7] 生成文件VisitorBoard.ini
[11:9:7] 分析Home/Home.xlsx:FarmGrain
[11:9:7] 生成文件FarmGrain.ini
[11:9:7] 分析Home/Home.xlsx:WindMillGrain
[11:9:7] 生成文件WindMillGrain.ini
[11:9:7] 分析Home/Home.xlsx:InitBuild
[11:9:7] 生成文件InitBuild.ini
[11:9:8] 分析Drop/Drop.xlsx:DropLib
[11:9:9] 生成文件DropLib.ini
[11:9:9] 分析Drop/Drop.xlsx:DropItemLib
[11:10:20] 生成文件DropItemLib.ini
[11:10:21] 转换Drop/Drop.xlsx:EventDrop时错误
[11:10:21] 分析Drop/Drop.xlsx:FixedDropLib
[11:10:22] 生成文件FixedDropLib.ini
[11:10:23] 分析Box/Box.xlsx:ActivePackCost
[11:10:23] 生成文件ActivePackCost.ini
[11:10:23] 分析Box/Box.xlsx:BoxConfig
[11:10:23] 生成文件BoxConfig.ini
[11:10:23] 分析Box/Box.xlsx:ActiveStoreHouseCost
[11:10:23] 生成文件ActiveStoreHouseCost.ini
[11:10:24] 分析Scene/CloneScene.xlsx:TollgateCloneScene
[11:10:24] 生成文件TollgateCloneScene.ini
[11:10:24] 分析Scene/CloneScene.xlsx:TollGate
[11:10:24] 生成文件TollGate.ini
[11:10:24] 分析Scene/CloneScene.xlsx:SubTollGate
[11:10:24] 生成文件SubTollGate.ini
[11:10:24] 分析Scene/CloneScene.xlsx:FightMonsterPoint
[11:10:26] 生成文件FightMonsterPoint.ini
[11:10:26] 分析Scene/CloneScene.xlsx:MonsterGroup
[11:10:27] 生成文件MonsterGroup.ini
[11:10:27] 分析Scene/CloneScene.xlsx:RankExpReward
[11:10:27] 生成文件RankExpReward.ini
[11:10:27] 分析Scene/CloneScene.xlsx:RankItemReward
[11:10:27] 生成文件RankItemReward.ini
[11:10:27] 分析Scene/CloneScene.xlsx:RankMoneyReward
[11:10:27] 生成文件RankMoneyReward.ini
[11:10:27] 分析Scene/CloneScene.xlsx:TollGatePropConfig
[11:10:27] 生成文件TollGatePropConfig.ini
[11:10:27] 分析Scene/CloneScene.xlsx:TollGateLobbyScene
[11:10:27] 生成文件TollGateLobbyScene.ini
[11:10:28] 分析Scene/TGCard.xlsx:TGCardDropId
[11:10:28] 生成文件TGCardDropId.ini
[11:10:28] 分析Scene/TGCard.xlsx:TGCardDropLib
[11:10:29] 生成文件TGCardDropLib.ini
[11:10:29] 分析Scene/TGCard.xlsx:TGCardCfg
[11:10:29] 生成文件TGCardConfig.ini
[11:10:29] 分析Scene/CloneScene.xlsx:CaptianMul
[11:10:29] 生成文件CaptianMul.ini
[11:10:29] 分析Scene/CloneScene.xlsx:ExchangeMagicBox
[11:10:29] 生成文件ExchangeMagicBox.ini
[11:10:30] 分析Gm/gm.xlsx:gm
[11:10:30] 生成文件gm.ini
[11:10:30] 分析Black/Black.xlsx:black
[11:10:30] 生成文件BlackName.ini
[11:10:30] 分析Scene/SingleGate.xlsx:Config
[11:10:30] 生成文件SingleGateConfig.ini
[11:10:30] 分析Scene/SingleGate.xlsx:GateInfo
[11:10:31] 生成文件SingleGateInfo.ini
[11:10:31] 分析Scene/SingleGate.xlsx:FloorCfg
[11:10:31] 生成文件SingleFloorCfg.ini
[11:10:31] 分析Scene/PubFightMonster.xlsx:PubFightMonsterConfig
[11:10:31] 生成文件PubFightMonsterConfig.ini
[11:10:31] 分析Scene/PubFightMonster.xlsx:PubSceneFightInfo
[11:10:31] 生成文件PubSceneFightInfo.ini
[11:10:31] 分析Scene/PubFightMonster.xlsx:PubMonsterLibID
[11:10:31] 生成文件PubMonsterLibID.ini
[11:10:31] 分析Scene/PubFightMonster.xlsx:PubMonsterDropLib
[11:10:32] 生成文件PubMonsterDropLib.ini
[11:10:32] 分析Scene/PubFightMonster.xlsx:PubMonsterRewardRule
[11:10:33] 生成文件PubMonsterRewardRule.ini
[11:10:33] 分析Active/Active.xlsx:rewardfood
[11:10:33] 生成文件RewardFood.ini
[11:10:34] 分析Active/Active.xlsx:orangeGift
[11:10:34] 生成文件OrangeGift.ini
[11:10:34] 分析Active/Active.xlsx:PharmacyItemReward
[11:10:34] 生成文件PharmacyItemReward.ini
[11:10:34] 分析Active/Active.xlsx:ActiveConfig
[11:10:34] 生成文件ActiveConfig.ini
[11:10:34] 分析Active/DayGoal.xlsx:DayGoalScore
[11:10:34] 生成文件DayGoalScore.ini
[11:10:34] 分析Active/DayGoal.xlsx:RewardLevel
[11:10:34] 生成文件RewardLevel.ini
[11:10:34] 分析Active/DayGoal.xlsx:RewardRate
[11:10:34] 生成文件RewardRate.ini
[11:10:34] 分析Active/DayGoal.xlsx:WeekReward
[11:10:34] 生成文件WeekReward.ini
[11:10:34] 分析Active/DayGoal.xlsx:OfflinePrize
[11:10:34] 生成文件OfflinePrize.ini
[11:10:34] 分析Active/TreasureCfg.xlsx:TreasureScore
[11:10:34] 生成文件TreasureScore.ini
[11:10:34] 分析Active/TreasureCfg.xlsx:TreasureType
[11:10:34] 生成文件TreasureType.ini
[11:10:34] 分析Active/TreasureCfg.xlsx:TreasureProp
[11:10:34] 生成文件TreasureProp.ini
[11:10:34] 分析Active/TreasureCfg.xlsx:TreasureRole
[11:10:35] 生成文件TreasureRole.ini
[11:10:35] 分析Active/SustainCfg.xlsx:LastTime
[11:10:35] 生成文件LastTime.ini
[11:10:35] 分析Active/SustainCfg.xlsx:SustainCfg
[11:10:35] 生成文件SustainCfg.ini
[11:10:35] 分析Active/SustainCfg.xlsx:NewHandGift
[11:10:35] 生成文件NewHandGift.ini
[11:10:35] 分析Active/MonthSighIn.xlsx:SighInScore
[11:10:35] 生成文件SighInScore.ini
[11:10:35] 分析Active/MonthSighIn.xlsx:NormalGiftOdd
[11:10:36] 生成文件NormalGiftOdd.ini
[11:10:36] 分析Active/MonthSighIn.xlsx:SpecialGiftOdd
[11:10:37] 生成文件SpecialGiftOdd.ini
[11:10:37] 分析Active/MonthSighIn.xlsx:SighInCfg
[11:10:37] 生成文件SighInCfg.ini
[11:10:38] 分析CardHome/card.xlsx:Menu
[11:10:38] 生成文件cardMenu.ini
[11:10:38] 分析CardHome/card.xlsx:CardType
[11:10:38] 生成文件cardType.ini
[11:10:38] 分析CardHome/card.xlsx:Card
[11:10:38] 生成文件cardConstants.ini
[11:10:38] 分析CardHome/card.xlsx:PrizeItem
[11:10:38] 生成文件prizeItem.ini
[11:10:38] 分析CardHome/card.xlsx:CardTab
[11:10:38] 生成文件cardTab.ini
[11:10:38] 分析CardHome/card.xlsx:CardConfig
[11:10:38] 生成文件cardConfig.ini
[11:10:39] 分析TailBeast/TailBeast.xlsx:TailBeastGroup
[11:10:39] 生成文件TailBeastGroup.ini
[11:10:39] 分析TailBeast/TailBeast.xlsx:ShapeList
[11:10:39] 生成文件ShapeList.ini
[11:10:39] 分析TailBeast/TailBeast.xlsx:DifficultyLevel
[11:10:39] 生成文件DifficultyLevel.ini
[11:10:39] 分析TailBeast/TailBeast.xlsx:TailBeastList
[11:10:39] 生成文件TailBeastList.ini
[11:10:39] 分析TailBeast/TailBeast.xlsx:EntryOrder
[11:10:39] 生成文件EntryOrder.ini
[11:10:39] 分析TailBeast/TailBeast.xlsx:TopPlayerReward
[11:10:40] 生成文件TopPlayerReward.ini
[11:10:40] 分析TailBeast/TailBeast.xlsx:VillageState
[11:10:40] 生成文件VillageState.ini
[11:10:40] 分析TailBeast/TailBeast.xlsx:TailBeastCfg
[11:10:40] 生成文件TailBeastCfg.ini
[11:10:40] 生成成功
[11:10:40] 关闭Excel读取环境
[11:10:40] 文件生成结束
