[11:36:52] Application Start
[11:37:1] 转换线程启动
[11:37:1] 分析Item/Item.xlsx:toolitem
[11:37:2] 分析Item/Item.xlsx:taskitem
[11:37:3] 分析Item/Item.xlsx:jewelitem
[11:37:5] 分析Item/Item.xlsx:cropitem
[11:37:6] 分析Pet/PetItem.xlsx:PetItem
[11:37:13] 分析Pet/PetItem.xlsx:PetReel
[11:37:15] 分析Equip/Equip.xlsx:equipitem
[11:37:25] 分析Item/Item.xlsx:pharmacyitem
[11:37:26] 分析Item/Item.xlsx:debrisitem
[11:37:36] 分析Equip/Equip.xlsx:avataritem
[11:38:24] 分析Item/Item.xlsx:skillbook
[11:38:25] 分析Item/Item.xlsx:composemethoditem
[11:38:25] 分析Item/Item.xlsx:giftbagitem
[11:38:25] 分析Item/Item.xlsx:fooditem
[11:38:29] 分析Equip/Equip.xlsx:magicitem
[11:38:33] 分析Item/Item.xlsx:freetimesitem
[11:38:34] 分析Item/Item.xlsx:effortitem
[11:38:34] 分析Item/Item.xlsx:diceitem
[11:38:34] 分析Item/Item.xlsx:titleitem
[11:38:34] 分析Item/Item.xlsx:impressitem
[11:38:35] 分析Item/Item.xlsx:impressrateitem
[11:38:35] 分析Item/Item.xlsx:HomeEgg
[11:38:36] 分析Item/Item.xlsx:carditem
[11:38:36] 生成文件item.ini
[11:38:37] 分析Item/ItemRecord.xlsx:record
[11:38:37] 生成文件itemrecordvalue.ini
[11:38:38] 分析item/Item.xlsx:ItemCDTimeCfg
[11:38:38] 生成文件ItemCDTimeCfg.ini
[11:38:38] 生成成功
[11:38:38] 关闭Excel读取环境
[11:38:38] 文件生成结束
