[16:27:45] Application Start
[16:28:40] 转换线程启动
[16:28:41] 分析Item/Item.xlsx:toolitem
[16:28:42] 分析Item/Item.xlsx:taskitem
[16:28:43] 分析Item/Item.xlsx:jewelitem
[16:28:45] 分析Item/Item.xlsx:cropitem
[16:28:46] 分析Pet/PetItem.xlsx:PetItem
[16:28:58] 分析Pet/PetItem.xlsx:PetReel
[16:29:1] 分析Equip/Equip.xlsx:equipitem
[16:29:16] 分析Item/Item.xlsx:pharmacyitem
[16:29:16] 分析Item/Item.xlsx:debrisitem
[16:29:32] 分析Equip/Equip.xlsx:avataritem
[16:30:33] 分析Item/Item.xlsx:skillbook
[16:30:34] 分析Item/Item.xlsx:composemethoditem
[16:30:34] 分析Item/Item.xlsx:giftbagitem
[16:30:35] 分析Item/Item.xlsx:fooditem
[16:30:40] 分析Equip/Equip.xlsx:magicitem
[16:30:46] 分析Item/Item.xlsx:freetimesitem
[16:30:46] 分析Item/Item.xlsx:effortitem
[16:30:46] 分析Item/Item.xlsx:diceitem
[16:30:46] 分析Item/Item.xlsx:titleitem
[16:30:47] 分析Item/Item.xlsx:impressitem
[16:30:47] 分析Item/Item.xlsx:impressrateitem
[16:30:47] 分析Item/Item.xlsx:HomeEgg
[16:30:48] 分析Item/Item.xlsx:carditem
[16:30:49] 分析Item/Item.xlsx:TailBeastItem
[16:30:49] 分析Item/Item.xlsx:SustainItem
[16:30:49] 分析Item/Item.xlsx:blooditem
[16:30:50] 分析Item/Item.xlsx:bloodsoul
[16:30:50] 生成文件item.ini
[16:30:52] 分析Item/ItemRecord.xlsx:record
[16:30:52] 生成文件itemrecordvalue.ini
[16:30:52] 分析item/Item.xlsx:ItemCDTimeCfg
[16:30:52] 生成文件ItemCDTimeCfg.ini
[16:30:53] 分析Item/Item.xlsx:bloodsoulGather
[16:30:53] 生成文件bloodsoulGather.ini
[16:30:53] 分析Item/Item.xlsx:bloodsoulLib
[16:30:53] 生成文件bloodsoulLib.ini
[16:30:53] 分析Item/Item.xlsx:bloodsoulPropDefine
[16:30:53] 生成文件bloodsoulPropDefine.ini
[16:30:54] 分析Compete/Compete.xlsx:compete
[16:30:54] 生成文件compete.ini
[16:30:54] 分析Compete/Compete.xlsx:rank
[16:30:54] 生成文件competerank.ini
[16:30:54] 分析Compete/Compete.xlsx:competenpc
[16:30:54] 生成文件competenpc.ini
[16:30:54] 分析Compete/Compete.xlsx:prize
[16:31:2] 生成文件competeprize.ini
[16:31:2] 生成成功
[16:31:2] 关闭Excel读取环境
[16:31:2] 文件生成结束
