[11:17:29] Application Start
[11:17:55] 转换线程启动
[11:17:55] 分析Home/SlaveCfg.xlsx:SlaveConfig
[11:17:55] 生成文件SlaveCfg.ini
[11:17:56] 分析Home/GardenCfg.xlsx:GardenConfig
[11:17:56] 分析Home/GardenCfg.xlsx:PioneerCapital
[11:17:56] 分析Home/GardenCfg.xlsx:GardenLevCfg
[11:17:56] 分析Home/GardenCfg.xlsx:GaedenSceneId
[11:17:56] 生成文件GardenCfg.ini
[11:17:56] 分析Home/DepotCfg.xlsx:ActiveCapital
[11:17:56] 分析Home/DepotCfg.xlsx:MaxCapital
[11:17:56] 生成文件DepotCfg.ini
[11:17:56] 分析Home/BedroomCfg.xlsx:BedCfg
[11:17:56] 生成文件BedroomCfg.ini
[11:17:57] 分析Home/WorkShopCfg.xlsx:UpgradeCapital
[11:17:57] 分析Home/WorkShopCfg.xlsx:SaleAdd
[11:17:57] 分析Home/WorkShopCfg.xlsx:MaxLevel
[11:17:57] 分析Home/WorkShopCfg.xlsx:TransCrop
[11:17:57] 生成文件WorkShopCfg.ini
[11:17:57] 分析Home/LaborCfg.xlsx:LaborNpc
[11:17:57] 生成文件LaborNpc.ini
[11:17:57] 分析Home/LaborCfg.xlsx:Level
[11:17:57] 生成文件LaborLev.ini
[11:17:57] 分析Home/PetCfg.xlsx:Config
[11:17:57] 生成文件HomePetCfg.ini
[11:17:57] 分析home/HomeCfg.xlsx:Exp
[11:17:58] 分析home/HomeCfg.xlsx:Capital
[11:17:58] 生成文件HomeCfg.ini
[11:17:58] 分析Home/GardenCfg.xlsx:ActiveItem
[11:17:58] 生成文件GardenActiveItem.ini
[11:17:58] 分析Home/SlaveCfg.xlsx:CountCfg
[11:17:58] 生成文件SlaveCount.ini
[11:17:58] 分析Home/SlaveCfg.xlsx:Inter
[11:17:58] 生成文件SlaveInter.ini
[11:17:59] 分析Home/Home.xlsx:BuildPos
[11:18:4] 生成文件BuildPos.ini
[11:18:4] 分析Home/Home.xlsx:BuildInfo
[11:18:4] 生成文件BuildInfo.ini
[11:18:4] 分析Home/Home.xlsx:AdornPos
[11:18:10] 生成文件AdornPos.ini
[11:18:10] 分析Home/Home.xlsx:AdornInfo
[11:18:10] 生成文件AdornInfo.ini
[11:18:10] 分析Home/Home.xlsx:HomeEgg
[11:18:11] 生成文件HomeEgg.ini
[11:18:11] 分析Home/Home.xlsx:IncubateCfg
[11:18:11] 生成文件IncubateCfg.ini
[11:18:11] 分析Home/Home.xlsx:HomeDepot
[11:18:11] 生成文件HomeDepotCfg.ini
[11:18:11] 分析Home/Home.xlsx:HomeAllCfg
[11:18:11] 生成文件HomeAllCfg.ini
[11:18:11] 分析Home/Home.xlsx:HomeWide
[11:18:11] 生成文件HomeWide.ini
[11:18:11] 分析Home/Home.xlsx:WeedInfo
[11:18:11] 生成文件WeedInfo.ini
[11:18:11] 分析Home/Home.xlsx:OutputInfo
[11:18:11] 生成文件OutputInfo.ini
[11:18:12] 分析Home/TaskBoardCfg.xlsx:TaskBoard
[11:18:12] 生成文件TaskBoard.ini
[11:18:12] 分析Home/TaskBoardCfg.xlsx:BoardLevel
[11:18:12] 生成文件BoardLevel.ini
[11:18:12] 分析Home/TaskBoardCfg.xlsx:TaskBoardProp
[11:18:12] 生成文件TaskBoardProp.ini
[11:18:12] 分析Home/VisitorBoardCfg.xlsx:VisitorBoard
[11:18:12] 生成文件VisitorBoard.ini
[11:18:12] 分析Home/Home.xlsx:FarmGrain
[11:18:12] 生成文件FarmGrain.ini
[11:18:12] 分析Home/Home.xlsx:WindMillGrain
[11:18:12] 生成文件WindMillGrain.ini
[11:18:12] 分析Home/Home.xlsx:InitBuild
[11:18:12] 生成文件InitBuild.ini
[11:18:13] 分析Drop/Drop.xlsx:DropLib
[11:18:14] 生成文件DropLib.ini
[11:18:14] 分析Drop/Drop.xlsx:DropItemLib
[11:18:17] 正在进行文件转换中 无法响应
