[11:20:33] Application Start
[11:21:18] 转换线程启动
[11:21:20] 分析Equip/Equip.xlsx:equipaddprop
[11:21:20] 生成文件AddProp.ini
[11:21:20] 分析Equip/Equip.xlsx:identifyproplib
[11:21:23] 生成文件IdentifyPropLib.ini
[11:21:23] 分析Equip/Equip.xlsx:equipidentifyprop
[11:21:26] 生成文件EquipIdentifyProp.ini
[11:21:26] 分析Equip/Equip.xlsx:avataraddskill
[11:21:41] 生成文件AvatarAddSkill.ini
[11:21:41] 分析Equip/Equip.xlsx:suitprop
[11:21:41] 生成文件SuitProp.ini
[11:21:41] 分析Equip/Equip.xlsx:equipidentifyidlist
[11:21:42] 生成文件EquipIdentifyIDList.ini
[11:21:42] 分析Equip/Equip.xlsx:avataraffectskill
[11:21:42] errorExcel行数太少Equip/Equip.xlsx:avataraffectskill
[11:21:42] 分析Equip/Equip.xlsx:equipcompose
[11:24:32] 生成文件EquipCompose.ini
[11:24:33] 分析Equip/Equip.xlsx:equipcommon
[11:24:33] 生成文件EquipCommon.ini
[11:24:33] 分析Equip/Equip.xlsx:equipcomposerand
[11:24:34] 生成文件EquipComposeRand.ini
[11:24:34] 分析Equip/Equip.xlsx:avatarclothingmap
[11:24:34] 生成文件avatarclothingmap.ini
[11:24:34] 分析Equip/Equip.xlsx:equipeffectskilllib
[11:24:34] 生成文件equipeffectskilllib.ini
[11:24:34] 分析Equip/Equip.xlsx:EquipPropDefine
[11:24:34] 生成文件EquipPropDefine.ini
[11:24:34] 分析Equip/Equip.xlsx:equipPropConfig
[11:24:34] 生成文件equipPropConfig.ini
[11:24:34] 分析Equip/Equip.xlsx:ConsolidateFailRate
[11:24:34] 生成文件ConsolidateFailRate.ini
[11:24:34] 分析Equip/Equip.xlsx:magicproplib
[11:24:35] 生成文件MagicPropLib.ini
[11:24:38] 分析Equip/AvatarCollect.xlsx:avatarcollect
[11:24:38] 生成文件avatarcollect.ini
[11:24:38] 分析Equip/AvatarCollect.xlsx:orange
[11:24:42] 生成文件orangecollect.ini
[11:24:42] 分析Equip/AvatarCollect.xlsx:bule
[11:24:43] 生成文件bulecollect.ini
[11:24:43] 分析Equip/AvatarCollect.xlsx:jrea
[11:24:45] 生成文件jreacollect.ini
[11:24:45] 分析Equip/AvatarCollect.xlsx:avataradd
[11:24:45] 生成文件jreacollectadd.ini
[11:24:45] 分析Equip/AvatarCollect.xlsx:avataraddday
[11:24:45] 生成文件avataraddday.ini
[11:24:47] 分析Equip/Equip.xlsx:RingExChange
[11:24:47] 生成文件RingExChange.ini
[11:24:47] 分析Equip/Equip.xlsx:ImpressRate
[11:24:47] 生成文件ImpressRate.ini
[11:24:51] 分析Equip/AvaterChange.xlsx:changeequip
[11:24:51] 生成文件changeequip.ini
[11:24:51] 分析Equip/AvaterChange.xlsx:advanced
[11:24:54] 生成文件advanced.ini
[11:24:54] 分析Equip/AvaterChange.xlsx:changevalue
[11:24:54] 生成文件advancedconfig.ini
[11:24:54] 分析Equip/AvaterChange.xlsx:changeitem
[11:24:54] 生成文件changeitem.ini
[11:24:55] 分析Equip/AvatarRecast.xlsx:AvatarRecast
[11:25:11] 生成文件AvatarRecast.ini
[11:25:11] 分析Equip/AvatarRecast.xlsx:AvatarRecastBaseLib
[11:25:12] 生成文件AvatarRecastBaseLib.ini
[11:25:12] 分析Equip/AvatarRecast.xlsx:AvatarRecastCfg
[11:25:12] 生成文件AvatarRecastCfg.ini
[11:25:15] 分析Equip/Equip.xlsx:EquipInscribe
[11:25:15] 生成文件EquipInscribe.ini
[11:25:15] 分析Equip/Equip.xlsx:SealOdds
[11:25:15] 生成文件SealOdds.ini
[11:25:15] 分析Equip/Equip.xlsx:DragonExchange
[11:25:15] 生成文件DragonExchange.ini
[11:25:15] 分析Equip/Equip.xlsx:CantComposerItem
[11:25:15] 生成文件CantComposerItem.ini
[11:25:18] 分析Commerce/NpcBox.xlsx:npcbox
[11:25:18] 生成文件npcbox.ini
[11:25:18] 分析Commerce/NpcBox.xlsx:npcboxitem
[11:25:18] 生成文件npcboxitem.ini
[11:25:19] 分析Commerce/RefreshItemContainer.xlsx:refreshcontainer
[11:25:19] 生成文件refreshcontainer.ini
[11:25:19] 分析Commerce/RefreshItemContainer.xlsx:refreshitems
[11:25:23] 生成文件refreshitems.ini
[11:25:24] 分析Commerce/VirtualShop.xlsx:virtualshop
[11:25:24] 生成文件virtualshop.ini
[11:25:24] 分析Commerce/MysticShop.xlsx:MysticNpcLib
[11:25:24] 生成文件MysticNpcLib.ini
[11:25:24] 分析Commerce/MysticShop.xlsx:MysticItemLib
[11:25:24] 生成文件MysticItemLib.ini
[11:25:24] 分析Commerce/MysticShop.xlsx:MysticNpcTime
[11:25:25] 生成文件MysticNpcTime.ini
[11:25:25] 分析Commerce/MysticShop.xlsx:MysticNpcLocation
[11:25:25] 生成文件MysticNpcLocation.ini
[11:25:25] 分析Commerce/MysticShop.xlsx:MysticBuyCnt
[11:25:25] 生成文件MysticCfg.ini
[11:25:25] 生成成功
[11:25:25] 关闭Excel读取环境
[11:25:25] 文件生成结束
