[13:15:41] Application Start
[13:15:53] 转换线程启动
[13:15:53] 分析Npc/Npc.xlsx:normalnpc
[13:16:14] 分析Npc/Npc.xlsx:funnpc
[13:16:14] 分析Npc/Npc.xlsx:buildnpc
[13:16:14] 分析Npc/Npc.xlsx:TaskBossNpc
[13:16:15] 分析Npc/Npc.xlsx:TicketBossNpc
[13:16:25] 分析Npc/Npc.xlsx:CompeteNpc
[13:16:29] 分析Npc/Npc.xlsx:SingleGateNpc
[13:16:31] 分析Npc/Npc.xlsx:PubSceneFightNpc
[13:16:34] 分析Npc/Npc.xlsx:TailBeastNpc
[13:16:35] 生成文件npc.ini
[13:16:36] 分析Npc/RefresNpc.xlsx:staticnpc
[13:16:37] 生成文件RefresNpc.ini
[13:16:38] 分析Npc/NpcRecord.xlsx:record
[13:16:45] 分析Npc/NpcRecord.xlsx:record1
[13:16:45] 生成文件npcrecordvalue.ini
[13:16:46] 分析Npc/Npc.xlsx:funnpcrec
[13:16:46] 分析Npc/Npc.xlsx:normalnpcrec
[13:16:52] 分析Npc/Npc.xlsx:TicketBossNpcRec
[13:16:52] 生成文件npcrecord.ini
[13:16:53] 分析Npc/RefresNpc.xlsx:heartnpc
[13:16:55] 生成文件RefresHeartNpc.ini
[13:16:56] 分析Npc/Npc.xlsx:NinjaNpc
[13:16:56] 生成文件NinjaNpc.ini
[13:16:56] 生成成功
[13:16:56] 关闭Excel读取环境
[13:16:56] 文件生成结束
