[15:31:44] Application Start
[15:31:49] 转换线程启动
[15:31:49] 分析Item/Item.xlsx:toolitem
[15:31:50] 分析Item/Item.xlsx:taskitem
[15:31:52] 分析Item/Item.xlsx:jewelitem
[15:31:54] 分析Item/Item.xlsx:cropitem
[15:31:55] 分析Pet/PetItem.xlsx:PetItem
[15:32:7] 分析Pet/PetItem.xlsx:PetReel
[15:32:10] 分析Equip/Equip.xlsx:equipitem
[15:32:25] 分析Item/Item.xlsx:pharmacyitem
[15:32:26] 分析Item/Item.xlsx:debrisitem
[15:32:42] 分析Equip/Equip.xlsx:avataritem
[15:33:48] 分析Item/Item.xlsx:skillbook
[15:33:49] 分析Item/Item.xlsx:composemethoditem
[15:33:49] 分析Item/Item.xlsx:giftbagitem
[15:33:50] 分析Item/Item.xlsx:fooditem
[15:33:54] 分析Equip/Equip.xlsx:magicitem
[15:34:0] 分析Item/Item.xlsx:freetimesitem
[15:34:1] 分析Item/Item.xlsx:effortitem
[15:34:1] 分析Item/Item.xlsx:diceitem
[15:34:1] 分析Item/Item.xlsx:titleitem
[15:34:2] 分析Item/Item.xlsx:impressitem
[15:34:2] 分析Item/Item.xlsx:impressrateitem
[15:34:2] 分析Item/Item.xlsx:HomeEgg
[15:34:3] 分析Item/Item.xlsx:carditem
[15:34:4] 分析Item/Item.xlsx:TailBeastItem
[15:34:4] 分析Item/Item.xlsx:SustainItem
[15:34:4] 分析Item/Item.xlsx:blooditem
[15:34:5] 分析Item/Item.xlsx:bloodsoul
[15:34:5] 生成文件item.ini
[15:34:6] 生成成功
[15:34:6] 关闭Excel读取环境
[15:34:6] 文件生成结束
