[16:24:14] Application Start
[16:24:49] 转换线程启动
[16:24:49] 分析Npc/Npc.xlsx:normalnpc
[16:25:15] 分析Npc/Npc.xlsx:funnpc
[16:25:15] 分析Npc/Npc.xlsx:buildnpc
[16:25:15] 分析Npc/Npc.xlsx:TaskBossNpc
[16:25:16] 分析Npc/Npc.xlsx:TicketBossNpc
[16:25:28] 分析Npc/Npc.xlsx:CompeteNpc
[16:25:33] 分析Npc/Npc.xlsx:SingleGateNpc
[16:25:36] 分析Npc/Npc.xlsx:PubSceneFightNpc
[16:25:39] 分析Npc/Npc.xlsx:TailBeastNpc
[16:25:41] 生成文件npc.ini
[16:25:42] 分析Npc/RefresNpc.xlsx:staticnpc
[16:25:43] 生成文件RefresNpc.ini
[16:25:43] 分析Npc/NpcRecord.xlsx:record
[16:25:52] 分析Npc/NpcRecord.xlsx:record1
[16:25:52] 生成文件npcrecordvalue.ini
[16:25:53] 分析Npc/Npc.xlsx:funnpcrec
[16:25:53] 分析Npc/Npc.xlsx:normalnpcrec
[16:26:0] 分析Npc/Npc.xlsx:TicketBossNpcRec
[16:26:1] 生成文件npcrecord.ini
[16:26:1] 分析Npc/RefresNpc.xlsx:heartnpc
[16:26:4] 生成文件RefresHeartNpc.ini
[16:26:5] 分析Npc/Npc.xlsx:NinjaNpc
[16:26:5] 生成文件NinjaNpc.ini
[16:26:6] 分析Role/RoleConfig.xlsx:role
[16:26:6] 分析Role/RoleConfig.xlsx:levelexp
[16:26:6] 生成文件LevelExp.ini
[16:26:6] 分析Role/RoleConfig.xlsx:levelpoint
[16:26:6] 分析Role/RoleConfig.xlsx:skillpoint
[16:26:6] 分析Role/RoleConfig.xlsx:pointconfig
[16:26:6] 生成文件LevelPoint.ini
[16:26:7] 分析Role/RoleBase.xlsx:InitProperty
[16:26:48] 生成文件RoleInitProperty.ini
[16:26:50] 分析Role/RoleAutoAction.xlsx:RoleAutoAction
[16:26:50] 生成文件RoleAutoAction.ini
[16:26:50] 分析Role/RoleOutSearch.xlsx:RoleOutSearch
[16:26:52] 生成文件RoleOutSearch.ini
[16:26:52] 分析Role/RoleOutSearch.xlsx:BossFactory
[16:26:52] 生成文件BossFactory.ini
[16:26:52] 分析Role/RoleOutSearch.xlsx:BabyFactory
[16:26:52] 生成文件BabyFactory.ini
[16:26:52] 分析Role/RoleOutSearch.xlsx:ItemFactory
[16:26:56] 生成文件ItemFactory.ini
[16:26:56] 分析Role/RoleOutSearch.xlsx:GameFactory
[16:26:56] 生成文件GameFactory.ini
[16:26:56] 分析Role/RoleOutSearch.xlsx:OutSearchCommon
[16:26:56] 生成文件OutSearchCommon.ini
[16:26:57] 分析Role/RoleAutoAttack.xlsx:AutoAttack
[16:26:57] 生成文件AutoAttack.ini
[16:26:57] 分析Role/RoleAutoAttack.xlsx:AutoAttackCommon
[16:26:57] 生成文件AutoAttackCommon.ini
[16:26:57] 分析Role/RoleOutSearch.xlsx:KeyFactory
[16:26:57] 生成文件KeyFactory.ini
[16:26:58] 分析Role/Chat.xlsx:chat
[16:26:58] 生成文件Chat.ini
[16:26:58] 分析Role/Look.xlsx:Show
[16:26:58] 生成文件Look.ini
[16:26:59] 分析Role/RoleOutSearch.xlsx:GostFactory
[16:26:59] 生成文件GostFactory.ini
[16:26:59] 分析Role/Adult.xlsx:adult
[16:26:59] 生成文件Adult.ini
[16:27:0] 分析Role/RoleConfig.xlsx:explevelmul
[16:27:0] 生成文件explevelmul.ini
[16:27:0] 分析Role/Gift.xlsx:gift
[16:27:1] 生成文件gift.ini
[16:27:1] 分析Role/Gift.xlsx:giftitem
[16:27:1] 生成文件giftitem.ini
[16:27:1] 分析Role/Gift.xlsx:card
[16:27:1] 生成文件card.ini
[16:27:1] 类 Workbooks 的 Add 方法无效
[16:27:1] 转换Role/Top.xlsx:top时错误
[16:27:1] 分析Role/Relive.xlsx:relive
[16:27:1] 生成文件relive.ini
[16:27:2] 分析Role/RoleConfig.xlsx:title
[16:27:2] 生成文件Title.ini
[16:27:2] 分析Role/RoleEffort.xlsx:Effort
[16:27:3] 生成文件Effort.ini
[16:27:4] 分析Role/TurnCard.xlsx:CardsScore
[16:27:4] 生成文件CardsScore.ini
[16:27:4] 分析Role/TurnCard.xlsx:CardTypeRate
[16:27:4] 生成文件CardTypeRate.ini
[16:27:4] 分析Role/TurnCard.xlsx:TrunCardDopType
[16:27:4] 生成文件TrunCardDopType.ini
[16:27:4] 分析Role/TurnCard.xlsx:TurnCardProp
[16:27:4] 生成文件TurnCardProp.ini
[16:27:4] 分析Role/Gift.xlsx:giftitemConfig
[16:27:4] 生成文件giftitemConfig.ini
[16:27:4] 生成成功
[16:27:4] 关闭Excel读取环境
[16:27:4] 文件生成结束
