[23:48:16] Application Start
[23:48:23] 转换线程启动
[23:48:24] 分析Npc/Npc.xlsx:normalnpc
[23:48:52] 分析Npc/Npc.xlsx:funnpc
[23:48:53] 分析Npc/Npc.xlsx:buildnpc
[23:48:53] 分析Npc/Npc.xlsx:TaskBossNpc
[23:48:53] 分析Npc/Npc.xlsx:TicketBossNpc
[23:49:8] 分析Npc/Npc.xlsx:CompeteNpc
[23:49:13] 分析Npc/Npc.xlsx:SingleGateNpc
[23:49:16] 分析Npc/Npc.xlsx:PubSceneFightNpc
[23:49:20] 分析Npc/Npc.xlsx:TailBeastNpc
[23:49:21] 生成文件npc.ini
[23:49:23] 分析Npc/RefresNpc.xlsx:staticnpc
[23:49:24] 生成文件RefresNpc.ini
[23:49:24] 分析Npc/NpcRecord.xlsx:record
[23:49:34] 分析Npc/NpcRecord.xlsx:record1
[23:49:34] 生成文件npcrecordvalue.ini
[23:49:35] 分析Npc/Npc.xlsx:funnpcrec
[23:49:35] 分析Npc/Npc.xlsx:normalnpcrec
[23:49:44] 分析Npc/Npc.xlsx:TicketBossNpcRec
[23:49:44] 生成文件npcrecord.ini
[23:49:45] 分析Npc/RefresNpc.xlsx:heartnpc
[23:49:48] 生成文件RefresHeartNpc.ini
[23:49:48] 分析Npc/Npc.xlsx:NinjaNpc
[23:49:49] 生成文件NinjaNpc.ini
[23:49:49] 生成成功
[23:49:49] 关闭Excel读取环境
[23:49:49] 文件生成结束
