[17:8:10] Application Start
[17:8:15] 转换线程启动
[17:8:15] 分析Item/Item.xlsx:toolitem
[17:8:16] 分析Item/Item.xlsx:taskitem
[17:8:17] 分析Item/Item.xlsx:jewelitem
[17:8:19] 分析Item/Item.xlsx:cropitem
[17:8:21] 分析Pet/PetItem.xlsx:PetItem
[17:8:32] 分析Pet/PetItem.xlsx:PetReel
[17:8:34] 分析Equip/Equip.xlsx:equipitem
[17:8:48] 分析Item/Item.xlsx:pharmacyitem
[17:8:48] 分析Item/Item.xlsx:debrisitem
[17:9:3] 分析Equip/Equip.xlsx:avataritem
[17:10:4] 分析Item/Item.xlsx:skillbook
[17:10:5] 分析Item/Item.xlsx:composemethoditem
[17:10:5] 分析Item/Item.xlsx:giftbagitem
[17:10:5] 分析Item/Item.xlsx:fooditem
[17:10:10] 分析Equip/Equip.xlsx:magicitem
[17:10:16] 分析Item/Item.xlsx:freetimesitem
[17:10:16] 分析Item/Item.xlsx:effortitem
[17:10:16] 分析Item/Item.xlsx:diceitem
[17:10:16] 分析Item/Item.xlsx:titleitem
[17:10:17] 分析Item/Item.xlsx:impressitem
[17:10:17] 分析Item/Item.xlsx:impressrateitem
[17:10:17] 分析Item/Item.xlsx:HomeEgg
[17:10:18] 分析Item/Item.xlsx:carditem
[17:10:19] 分析Item/Item.xlsx:TailBeastItem
[17:10:19] 分析Item/Item.xlsx:SustainItem
[17:10:19] 分析Item/Item.xlsx:blooditem
[17:10:20] 分析Item/Item.xlsx:bloodsoul
[17:10:20] 生成文件item.ini
[17:10:21] 生成成功
[17:10:21] 关闭Excel读取环境
[17:10:21] 文件生成结束
