[14:59:9] Application Start
[15:3:51] 转换线程启动
[15:3:51] 分析Item/Item.xlsx:toolitem
[15:3:52] 分析Item/Item.xlsx:taskitem
[15:3:53] 分析Item/Item.xlsx:jewelitem
[15:3:55] 分析Item/Item.xlsx:cropitem
[15:3:56] 分析Pet/PetItem.xlsx:PetItem
[15:4:6] 分析Pet/PetItem.xlsx:PetReel
[15:4:6] 类 Workbooks 的 Add 方法无效
[15:4:6] 转换Equip/Equip.xlsx:equipitem时错误
[15:4:6] 分析Commerce/VirtualShop.xlsx:virtualshop
[15:4:7] 生成文件virtualshop.ini
[15:4:7] 分析Drop/Drop.xlsx:DropLib
[15:4:9] 生成文件DropLib.ini
[15:4:9] 分析Drop/Drop.xlsx:DropItemLib
[15:5:18] 生成文件DropItemLib.ini
[15:5:19] 分析Drop/Drop.xlsx:FixedDropLib
[15:5:20] 生成文件FixedDropLib.ini
[15:5:20] 生成成功
[15:5:20] 关闭Excel读取环境
[15:5:20] 文件生成结束
