[16:31:7] Application Start
[16:31:20] 转换线程启动
[16:31:21] 分析Item/Item.xlsx:toolitem
[16:31:23] 分析Item/Item.xlsx:taskitem
[16:31:25] 分析Item/Item.xlsx:jewelitem
[16:31:28] 分析Item/Item.xlsx:cropitem
[16:31:32] 分析Pet/PetItem.xlsx:PetItem
[16:31:49] 分析Pet/PetItem.xlsx:PetReel
[16:31:53] 分析Equip/Equip.xlsx:equipitem
[16:32:10] 分析Item/Item.xlsx:pharmacyitem
[16:32:11] 分析Item/Item.xlsx:debrisitem
[16:32:31] 分析Equip/Equip.xlsx:avataritem
[16:33:44] 分析Item/Item.xlsx:skillbook
[16:33:45] 分析Item/Item.xlsx:composemethoditem
[16:33:45] 分析Item/Item.xlsx:giftbagitem
[16:33:45] 分析Item/Item.xlsx:fooditem
[16:33:50] 分析Equip/Equip.xlsx:magicitem
[16:33:57] 分析Item/Item.xlsx:freetimesitem
[16:33:57] 分析Item/Item.xlsx:effortitem
[16:33:57] 分析Item/Item.xlsx:diceitem
[16:33:57] 分析Item/Item.xlsx:titleitem
[16:33:58] 分析Item/Item.xlsx:impressitem
[16:33:58] 分析Item/Item.xlsx:impressrateitem
[16:33:58] 分析Item/Item.xlsx:HomeEgg
[16:34:0] 分析Item/Item.xlsx:carditem
[16:34:0] 分析Item/Item.xlsx:TailBeastItem
[16:34:0] 分析Item/Item.xlsx:SustainItem
[16:34:1] 分析Item/Item.xlsx:blooditem
[16:34:1] 分析Item/Item.xlsx:bloodsoul
[16:34:1] 生成文件item.ini
[16:34:3] 分析Commerce/VirtualShop.xlsx:virtualshop
[16:34:4] 生成文件virtualshop.ini
[16:34:4] 生成成功
[16:34:4] 关闭Excel读取环境
[16:34:4] 文件生成结束
