[15:51:57] Application Start
[15:52:3] 转换线程启动
[15:52:3] 分析Item/Item.xlsx:toolitem
[15:52:4] 分析Item/Item.xlsx:taskitem
[15:52:5] 分析Item/Item.xlsx:jewelitem
[15:52:7] 分析Item/Item.xlsx:cropitem
[15:52:9] 分析Pet/PetItem.xlsx:PetItem
[15:52:20] 分析Pet/PetItem.xlsx:PetReel
[15:52:22] 分析Equip/Equip.xlsx:equipitem
[15:52:35] 分析Item/Item.xlsx:pharmacyitem
[15:52:36] 分析Item/Item.xlsx:debrisitem
[15:52:50] 分析Equip/Equip.xlsx:avataritem
[15:53:45] 分析Item/Item.xlsx:skillbook
[15:53:46] 分析Item/Item.xlsx:composemethoditem
[15:53:46] 分析Item/Item.xlsx:giftbagitem
[15:53:47] 分析Item/Item.xlsx:fooditem
[15:53:51] 分析Equip/Equip.xlsx:magicitem
[15:53:56] 分析Item/Item.xlsx:freetimesitem
[15:53:57] 分析Item/Item.xlsx:effortitem
[15:53:57] 分析Item/Item.xlsx:diceitem
[15:53:57] 分析Item/Item.xlsx:titleitem
[15:53:58] 分析Item/Item.xlsx:impressitem
[15:53:58] 分析Item/Item.xlsx:impressrateitem
[15:53:58] 分析Item/Item.xlsx:HomeEgg
[15:53:59] 分析Item/Item.xlsx:carditem
[15:54:0] 分析Item/Item.xlsx:TailBeastItem
[15:54:0] 分析Item/Item.xlsx:SustainItem
[15:54:0] 分析Item/Item.xlsx:blooditem
[15:54:0] 分析Item/Item.xlsx:bloodsoul
[15:54:1] 生成文件item.ini
[15:54:1] 生成成功
[15:54:1] 关闭Excel读取环境
[15:54:1] 文件生成结束
