[23:24:55] Application Start
[23:25:0] 转换线程启动
[23:25:0] 分析TailBeast/TailBeast.xlsx:TailBeastGroup
[23:25:0] 生成文件TailBeastGroup.ini
[23:25:0] 分析TailBeast/TailBeast.xlsx:ShapeList
[23:25:0] 生成文件ShapeList.ini
[23:25:0] 分析TailBeast/TailBeast.xlsx:DifficultyLevel
[23:25:0] 生成文件DifficultyLevel.ini
[23:25:0] 分析TailBeast/TailBeast.xlsx:TailBeastList
[23:25:1] 生成文件TailBeastList.ini
[23:25:1] 分析TailBeast/TailBeast.xlsx:EntryOrder
[23:25:1] 生成文件EntryOrder.ini
[23:25:1] 分析TailBeast/TailBeast.xlsx:TopPlayerReward
[23:25:2] 生成文件TopPlayerReward.ini
[23:25:2] 分析TailBeast/TailBeast.xlsx:VillageState
[23:25:2] 生成文件VillageState.ini
[23:25:2] 分析TailBeast/TailBeast.xlsx:TailBeastCfg
[23:25:2] 生成文件TailBeastCfg.ini
[23:25:2] 生成成功
[23:25:2] 关闭Excel读取环境
[23:25:2] 文件生成结束
