[18:8:7] Application Start
[18:8:14] 转换线程启动
[18:8:15] 分析Item/Item.xlsx:toolitem
[18:8:15] 分析Item/Item.xlsx:taskitem
[18:8:16] 分析Item/Item.xlsx:jewelitem
[18:8:19] 分析Item/Item.xlsx:cropitem
[18:8:20] 分析Pet/PetItem.xlsx:PetItem
[18:8:32] 分析Pet/PetItem.xlsx:PetReel
[18:8:35] 分析Equip/Equip.xlsx:equipitem
[18:8:50] 分析Item/Item.xlsx:pharmacyitem
[18:8:51] 分析Item/Item.xlsx:debrisitem
[18:9:7] 分析Equip/Equip.xlsx:avataritem
[18:10:12] 分析Item/Item.xlsx:skillbook
[18:10:13] 分析Item/Item.xlsx:composemethoditem
[18:10:13] 分析Item/Item.xlsx:giftbagitem
[18:10:13] 分析Item/Item.xlsx:fooditem
[18:10:18] 分析Equip/Equip.xlsx:magicitem
[18:10:24] 分析Item/Item.xlsx:freetimesitem
[18:10:25] 分析Item/Item.xlsx:effortitem
[18:10:25] 分析Item/Item.xlsx:diceitem
[18:10:25] 分析Item/Item.xlsx:titleitem
[18:10:26] 分析Item/Item.xlsx:impressitem
[18:10:26] 分析Item/Item.xlsx:impressrateitem
[18:10:26] 分析Item/Item.xlsx:HomeEgg
[18:10:27] 分析Item/Item.xlsx:carditem
[18:10:28] 分析Item/Item.xlsx:TailBeastItem
[18:10:28] 分析Item/Item.xlsx:SustainItem
[18:10:28] 分析Item/Item.xlsx:blooditem
[18:10:28] 分析Item/Item.xlsx:bloodsoul
[18:10:29] 生成文件item.ini
[18:10:30] 生成成功
[18:10:30] 关闭Excel读取环境
[18:10:30] 文件生成结束
