[18:45:53] Application Start
[18:46:28] 转换线程启动
[18:46:28] 分析Item/Item.xlsx:toolitem
[18:46:29] 分析Item/Item.xlsx:taskitem
[18:46:30] 分析Item/Item.xlsx:jewelitem
[18:46:32] 分析Item/Item.xlsx:cropitem
[18:46:33] 分析Pet/PetItem.xlsx:PetItem
[18:46:40] 分析Pet/PetItem.xlsx:PetReel
[18:46:43] 分析Equip/Equip.xlsx:equipitem
[18:46:53] 分析Item/Item.xlsx:pharmacyitem
[18:46:54] 分析Item/Item.xlsx:debrisitem
[18:47:5] 分析Equip/Equip.xlsx:avataritem
[18:47:55] 分析Item/Item.xlsx:skillbook
[18:47:56] 分析Item/Item.xlsx:composemethoditem
[18:47:56] 分析Item/Item.xlsx:giftbagitem
[18:47:56] 分析Item/Item.xlsx:fooditem
[18:48:0] 分析Equip/Equip.xlsx:magicitem
[18:48:4] 分析Item/Item.xlsx:freetimesitem
[18:48:5] 分析Item/Item.xlsx:effortitem
[18:48:5] 分析Item/Item.xlsx:diceitem
[18:48:5] 分析Item/Item.xlsx:titleitem
[18:48:5] 分析Item/Item.xlsx:impressitem
[18:48:6] 分析Item/Item.xlsx:impressrateitem
[18:48:6] 分析Item/Item.xlsx:HomeEgg
[18:48:7] 分析Item/Item.xlsx:carditem
[18:48:7] 生成文件item.ini
[18:48:9] 分析Item/ItemRecord.xlsx:record
[18:48:9] 生成文件itemrecordvalue.ini
[18:48:10] 分析item/Item.xlsx:ItemCDTimeCfg
[18:48:10] 生成文件ItemCDTimeCfg.ini
[18:48:11] 分析Drop/Drop.xlsx:DropLib
[18:48:12] 生成文件DropLib.ini
[18:48:12] 分析Drop/Drop.xlsx:DropItemLib
[18:50:57] 生成文件DropItemLib.ini
[18:50:58] 转换Drop/Drop.xlsx:EventDrop时错误
[18:50:58] 分析Drop/Drop.xlsx:FixedDropLib
[18:50:59] 生成文件FixedDropLib.ini
[18:50:59] 生成成功
[18:50:59] 关闭Excel读取环境
[18:50:59] 文件生成结束
