[23:14:11] Application Start
[23:14:26] 转换线程启动
[23:14:26] 分析Item/Item.xlsx:toolitem
[23:14:27] 分析Item/Item.xlsx:taskitem
[23:14:28] 分析Item/Item.xlsx:jewelitem
[23:14:30] 分析Item/Item.xlsx:cropitem
[23:14:32] 分析Pet/PetItem.xlsx:PetItem
[23:14:44] 分析Pet/PetItem.xlsx:PetReel
[23:14:47] 分析Equip/Equip.xlsx:equipitem
[23:15:2] 分析Item/Item.xlsx:pharmacyitem
[23:15:2] 分析Item/Item.xlsx:debrisitem
[23:15:19] 分析Equip/Equip.xlsx:avataritem
[23:16:24] 分析Item/Item.xlsx:skillbook
[23:16:25] 分析Item/Item.xlsx:composemethoditem
[23:16:25] 分析Item/Item.xlsx:giftbagitem
[23:16:25] 分析Item/Item.xlsx:fooditem
[23:16:30] 分析Equip/Equip.xlsx:magicitem
[23:16:36] 分析Item/Item.xlsx:freetimesitem
[23:16:37] 分析Item/Item.xlsx:effortitem
[23:16:37] 分析Item/Item.xlsx:diceitem
[23:16:37] 分析Item/Item.xlsx:titleitem
[23:16:38] 分析Item/Item.xlsx:impressitem
[23:16:38] 分析Item/Item.xlsx:impressrateitem
[23:16:38] 分析Item/Item.xlsx:HomeEgg
[23:16:39] 分析Item/Item.xlsx:carditem
[23:16:40] 分析Item/Item.xlsx:TailBeastItem
[23:16:40] 分析Item/Item.xlsx:SustainItem
[23:16:40] 分析Item/Item.xlsx:blooditem
[23:16:40] 分析Item/Item.xlsx:bloodsoul
[23:16:41] 生成文件item.ini
[23:16:42] 生成成功
[23:16:42] 关闭Excel读取环境
[23:16:42] 文件生成结束
