[15:48:40] Application Start
[15:48:57] 转换线程启动
[15:48:58] 分析Item/Item.xlsx:toolitem
[15:48:58] 分析Item/Item.xlsx:taskitem
[15:49:0] 分析Item/Item.xlsx:jewelitem
[15:49:3] 分析Item/Item.xlsx:cropitem
[15:49:6] 分析Pet/PetItem.xlsx:PetItem
[15:49:19] 分析Pet/PetItem.xlsx:PetReel
[15:49:24] 分析Equip/Equip.xlsx:equipitem
[15:49:41] 分析Item/Item.xlsx:pharmacyitem
[15:49:42] 分析Item/Item.xlsx:debrisitem
[15:50:1] 分析Equip/Equip.xlsx:avataritem
[15:51:18] 分析Item/Item.xlsx:skillbook
[15:51:19] 分析Item/Item.xlsx:composemethoditem
[15:51:19] 分析Item/Item.xlsx:giftbagitem
[15:51:19] 分析Item/Item.xlsx:fooditem
[15:51:27] 分析Equip/Equip.xlsx:magicitem
[15:51:35] 分析Item/Item.xlsx:freetimesitem
[15:51:36] 分析Item/Item.xlsx:effortitem
[15:51:36] 分析Item/Item.xlsx:diceitem
[15:51:36] 分析Item/Item.xlsx:titleitem
[15:51:37] 分析Item/Item.xlsx:impressitem
[15:51:37] 分析Item/Item.xlsx:impressrateitem
[15:51:37] 分析Item/Item.xlsx:HomeEgg
[15:51:38] 分析Item/Item.xlsx:carditem
[15:51:39] 分析Item/Item.xlsx:TailBeastItem
[15:51:39] 分析Item/Item.xlsx:SustainItem
[15:51:39] 分析Item/Item.xlsx:blooditem
[15:51:40] 分析Item/Item.xlsx:bloodsoul
[15:51:40] 生成文件item.ini
[15:51:43] 分析Drop/Drop.xlsx:DropLib
[15:51:44] 生成文件DropLib.ini
[15:51:44] 分析Drop/Drop.xlsx:DropItemLib
[15:53:20] 生成文件DropItemLib.ini
[15:53:20] 分析Drop/Drop.xlsx:FixedDropLib
[15:53:22] 生成文件FixedDropLib.ini
[15:53:22] 生成成功
[15:53:22] 关闭Excel读取环境
[15:53:22] 文件生成结束
