[20:36:16] Application Start
[20:36:25] 转换线程启动
[20:36:26] 分析Npc/Npc.xlsx:normalnpc
[20:36:47] 分析Npc/Npc.xlsx:funnpc
[20:36:47] 分析Npc/Npc.xlsx:buildnpc
[20:36:47] 分析Npc/Npc.xlsx:TaskBossNpc
[20:36:48] 分析Npc/Npc.xlsx:TicketBossNpc
[20:36:58] 分析Npc/Npc.xlsx:CompeteNpc
[20:37:2] 分析Npc/Npc.xlsx:SingleGateNpc
[20:37:4] 分析Npc/Npc.xlsx:PubSceneFightNpc
[20:37:7] 生成文件npc.ini
[20:37:9] 分析Npc/RefresNpc.xlsx:staticnpc
[20:37:9] 生成文件RefresNpc.ini
[20:37:10] 分析Npc/NpcRecord.xlsx:record
[20:37:17] 分析Npc/NpcRecord.xlsx:record1
[20:37:17] 生成文件npcrecordvalue.ini
[20:37:18] 分析Npc/Npc.xlsx:funnpcrec
[20:37:18] 分析Npc/Npc.xlsx:normalnpcrec
[20:37:24] 分析Npc/Npc.xlsx:TicketBossNpcRec
[20:37:24] 生成文件npcrecord.ini
[20:37:25] 分析Npc/RefresNpc.xlsx:heartnpc
[20:37:27] 生成文件RefresHeartNpc.ini
[20:37:27] 生成成功
[20:37:27] 关闭Excel读取环境
[20:37:27] 文件生成结束
