[11:16:23] Application Start
[11:16:38] 转换线程启动
[11:16:38] 分析Active/Active.xlsx:rewardfood
[11:16:38] 生成文件RewardFood.ini
[11:16:38] 分析Active/Active.xlsx:orangeGift
[11:16:38] 生成文件OrangeGift.ini
[11:16:38] 分析Active/Active.xlsx:PharmacyItemReward
[11:16:38] 生成文件PharmacyItemReward.ini
[11:16:38] 分析Active/Active.xlsx:ActiveConfig
[11:16:38] 生成文件ActiveConfig.ini
[11:16:39] 分析Active/DayGoal.xlsx:DayGoalScore
[11:16:39] 生成文件DayGoalScore.ini
[11:16:39] 分析Active/DayGoal.xlsx:RewardLevel
[11:16:39] 生成文件RewardLevel.ini
[11:16:39] 分析Active/DayGoal.xlsx:RewardRate
[11:16:39] 生成文件RewardRate.ini
[11:16:39] 分析Active/DayGoal.xlsx:WeekReward
[11:16:39] 生成文件WeekReward.ini
[11:16:39] 分析Active/DayGoal.xlsx:OfflinePrize
[11:16:39] 生成文件OfflinePrize.ini
[11:16:39] 分析Active/TreasureCfg.xlsx:TreasureScore
[11:16:39] 生成文件TreasureScore.ini
[11:16:39] 分析Active/TreasureCfg.xlsx:TreasureType
[11:16:39] 生成文件TreasureType.ini
[11:16:39] 分析Active/TreasureCfg.xlsx:TreasureProp
[11:16:39] 生成文件TreasureProp.ini
[11:16:39] 分析Active/TreasureCfg.xlsx:TreasureRole
[11:16:40] 生成文件TreasureRole.ini
[11:16:40] 分析Active/SustainCfg.xlsx:LastTime
[11:16:40] 生成文件LastTime.ini
[11:16:40] 分析Active/SustainCfg.xlsx:SustainCfg
[11:16:40] 生成文件SustainCfg.ini
[11:16:40] 分析Active/SustainCfg.xlsx:NewHandGift
[11:16:40] 生成文件NewHandGift.ini
[11:16:40] 分析Active/MonthSighIn.xlsx:SighInScore
[11:16:40] 生成文件SighInScore.ini
[11:16:40] 分析Active/MonthSighIn.xlsx:NormalGiftOdd
[11:16:41] 生成文件NormalGiftOdd.ini
[11:16:41] 分析Active/MonthSighIn.xlsx:SpecialGiftOdd
[11:16:42] 生成文件SpecialGiftOdd.ini
[11:16:42] 分析Active/MonthSighIn.xlsx:SighInCfg
[11:16:42] 生成文件SighInCfg.ini
[11:16:42] 生成成功
[11:16:42] 关闭Excel读取环境
[11:16:42] 文件生成结束
