[10:45:21] Application Start
[10:45:27] 转换线程启动
[10:45:27] 分析Item/Item.xlsx:toolitem
[10:45:28] 分析Item/Item.xlsx:taskitem
[10:45:29] 分析Item/Item.xlsx:jewelitem
[10:45:31] 分析Item/Item.xlsx:cropitem
[10:45:32] 分析Pet/PetItem.xlsx:PetItem
[10:45:42] 分析Pet/PetItem.xlsx:PetReel
[10:45:45] 分析Equip/Equip.xlsx:equipitem
[10:45:57] 分析Item/Item.xlsx:pharmacyitem
[10:45:58] 分析Item/Item.xlsx:debrisitem
[10:46:13] 分析Equip/Equip.xlsx:avataritem
[10:47:7] 分析Item/Item.xlsx:skillbook
[10:47:8] 分析Item/Item.xlsx:composemethoditem
[10:47:8] 分析Item/Item.xlsx:giftbagitem
[10:47:8] 分析Item/Item.xlsx:fooditem
[10:47:13] 分析Equip/Equip.xlsx:magicitem
[10:47:18] 分析Item/Item.xlsx:freetimesitem
[10:47:19] 分析Item/Item.xlsx:effortitem
[10:47:19] 分析Item/Item.xlsx:diceitem
[10:47:19] 分析Item/Item.xlsx:titleitem
[10:47:20] 分析Item/Item.xlsx:impressitem
[10:47:20] 分析Item/Item.xlsx:impressrateitem
[10:47:20] 分析Item/Item.xlsx:HomeEgg
[10:47:21] 分析Item/Item.xlsx:carditem
[10:47:21] 分析Item/Item.xlsx:TailBeastItem
[10:47:22] 分析Item/Item.xlsx:SustainItem
[10:47:22] 分析Item/Item.xlsx:blooditem
[10:47:22] 分析Item/Item.xlsx:bloodsoul
[10:47:22] 生成文件item.ini
[10:47:23] 生成成功
[10:47:23] 关闭Excel读取环境
[10:47:23] 文件生成结束
