[11:16:49] Application Start
[11:17:9] 转换线程启动
[11:17:9] 分析Scene/CloneScene.xlsx:TollgateCloneScene
[11:17:9] 生成文件TollgateCloneScene.ini
[11:17:9] 分析Scene/CloneScene.xlsx:TollGate
[11:17:9] 生成文件TollGate.ini
[11:17:9] 分析Scene/CloneScene.xlsx:SubTollGate
[11:17:10] 生成文件SubTollGate.ini
[11:17:10] 分析Scene/CloneScene.xlsx:FightMonsterPoint
[11:17:12] 生成文件FightMonsterPoint.ini
[11:17:12] 分析Scene/CloneScene.xlsx:MonsterGroup
[11:17:13] 生成文件MonsterGroup.ini
[11:17:13] 分析Scene/CloneScene.xlsx:RankExpReward
[11:17:13] 生成文件RankExpReward.ini
[11:17:13] 分析Scene/CloneScene.xlsx:RankItemReward
[11:17:13] 生成文件RankItemReward.ini
[11:17:13] 分析Scene/CloneScene.xlsx:RankMoneyReward
[11:17:14] 生成文件RankMoneyReward.ini
[11:17:14] 分析Scene/CloneScene.xlsx:TollGatePropConfig
[11:17:14] 生成文件TollGatePropConfig.ini
[11:17:14] 分析Scene/CloneScene.xlsx:TollGateLobbyScene
[11:17:14] 生成文件TollGateLobbyScene.ini
[11:17:14] 分析Scene/TGCard.xlsx:TGCardDropId
[11:17:14] 生成文件TGCardDropId.ini
[11:17:14] 分析Scene/TGCard.xlsx:TGCardDropLib
[11:17:15] 生成文件TGCardDropLib.ini
[11:17:15] 分析Scene/TGCard.xlsx:TGCardCfg
[11:17:15] 生成文件TGCardConfig.ini
[11:17:16] 分析Scene/CloneScene.xlsx:CaptianMul
[11:17:16] 生成文件CaptianMul.ini
[11:17:16] 分析Scene/CloneScene.xlsx:ExchangeMagicBox
[11:17:16] 生成文件ExchangeMagicBox.ini
[11:17:17] 分析Gm/gm.xlsx:gm
[11:17:17] 生成文件gm.ini
[11:17:17] 分析Black/Black.xlsx:black
[11:17:17] 生成文件BlackName.ini
[11:17:17] 分析Scene/SingleGate.xlsx:Config
[11:17:17] 生成文件SingleGateConfig.ini
[11:17:17] 分析Scene/SingleGate.xlsx:GateInfo
[11:17:18] 生成文件SingleGateInfo.ini
[11:17:18] 分析Scene/SingleGate.xlsx:FloorCfg
[11:17:18] 生成文件SingleFloorCfg.ini
[11:17:18] 分析Scene/PubFightMonster.xlsx:PubFightMonsterConfig
[11:17:18] 生成文件PubFightMonsterConfig.ini
[11:17:18] 分析Scene/PubFightMonster.xlsx:PubMonsterLibID
[11:17:18] 生成文件PubMonsterLibID.ini
[11:17:18] 分析Scene/PubFightMonster.xlsx:PubMonsterDropLib
[11:17:19] 生成文件PubMonsterDropLib.ini
[11:17:19] 分析Scene/PubFightMonster.xlsx:PubMonsterRewardRule
[11:17:20] 生成文件PubMonsterRewardRule.ini
[11:17:20] 生成成功
[11:17:20] 关闭Excel读取环境
[11:17:20] 文件生成结束
