2012-02-22 11:22:53 <Thread-2> com.d2.util.log.LoggerCommons.println(LoggerCommons.java:169) 
<INFO> DbOpsMySql: conn is bad! com.mysql.jdbc.exceptions.jdbc4.CommunicationsException: The last packet successfully received from the server was 65,410,188 milliseconds ago.  The last packet sent successfully to the server was 65,410,188 milliseconds ago. is longer than the server configured value of 'wait_timeout'. You should consider either expiring and/or testing connection validity before use in your application, increasing the server configured values for client timeouts, or using the Connector/J connection property 'autoReconnect=true' to avoid this problem.
2012-02-22 11:22:53 <Thread-2> com.d2.util.log.LoggerCommons.println(LoggerCommons.java:169) 
<INFO> DbOpsOracle: msecs to check a conn: 0
2012-02-22 11:32:53 <Thread-2> com.d2.util.log.LoggerCommons.println(LoggerCommons.java:169) 
<INFO> DbOpsOracle: msecs to check a conn: 0
2012-02-22 11:42:53 <Thread-2> com.d2.util.log.LoggerCommons.println(LoggerCommons.java:169) 
<INFO> DbOpsOracle: msecs to check a conn: 0
2012-02-22 11:52:53 <Thread-2> com.d2.util.log.LoggerCommons.println(LoggerCommons.java:169) 
<INFO> DbOpsOracle: msecs to check a conn: 0
2012-02-22 12:02:53 <Thread-2> com.d2.util.log.LoggerCommons.println(LoggerCommons.java:169) 
<INFO> DbOpsOracle: msecs to check a conn: 0
2012-02-22 12:12:53 <Thread-2> com.d2.util.log.LoggerCommons.println(LoggerCommons.java:169) 
<INFO> DbOpsOracle: msecs to check a conn: 0
2012-02-22 12:22:53 <Thread-2> com.d2.util.log.LoggerCommons.println(LoggerCommons.java:169) 
<INFO> DbOpsOracle: msecs to check a conn: 0
2012-02-22 12:30:17 <pool-1-thread-8> com.d2.util.log.LoggerCommons.println(LoggerCommons.java:169) 
<INFO> DbOpsMySql: conn is bad! com.mysql.jdbc.exceptions.jdbc4.CommunicationsException: The last packet successfully received from the server was 57,596,281 milliseconds ago.  The last packet sent successfully to the server was 57,596,297 milliseconds ago. is longer than the server configured value of 'wait_timeout'. You should consider either expiring and/or testing connection validity before use in your application, increasing the server configured values for client timeouts, or using the Connector/J connection property 'autoReconnect=true' to avoid this problem.
2012-02-22 12:30:17 <pool-1-thread-8> com.d2.util.log.LoggerCommons.println(LoggerCommons.java:169) 
<INFO> DbOpsOracle: msecs to check a conn: 0
2012-02-22 12:32:53 <Thread-2> com.d2.util.log.LoggerCommons.println(LoggerCommons.java:169) 
<INFO> DbOpsOracle: msecs to check a conn: 0
2012-02-22 12:42:53 <Thread-2> com.d2.util.log.LoggerCommons.println(LoggerCommons.java:169) 
<INFO> DbOpsOracle: msecs to check a conn: 0
2012-02-22 12:52:53 <Thread-2> com.d2.util.log.LoggerCommons.println(LoggerCommons.java:169) 
<INFO> DbOpsOracle: msecs to check a conn: 0
2012-02-22 13:02:53 <Thread-2> com.d2.util.log.LoggerCommons.println(LoggerCommons.java:169) 
<INFO> DbOpsOracle: msecs to check a conn: 0
2012-02-22 13:12:53 <Thread-2> com.d2.util.log.LoggerCommons.println(LoggerCommons.java:169) 
<INFO> DbOpsOracle: msecs to check a conn: 0
2012-02-22 13:22:53 <Thread-2> com.d2.util.log.LoggerCommons.println(LoggerCommons.java:169) 
<INFO> DbOpsMySql: conn is bad! com.mysql.jdbc.exceptions.jdbc4.CommunicationsException: The last packet successfully received from the server was 70,805,328 milliseconds ago.  The last packet sent successfully to the server was 70,805,328 milliseconds ago. is longer than the server configured value of 'wait_timeout'. You should consider either expiring and/or testing connection validity before use in your application, increasing the server configured values for client timeouts, or using the Connector/J connection property 'autoReconnect=true' to avoid this problem.
2012-02-22 13:22:53 <Thread-2> com.d2.util.log.LoggerCommons.println(LoggerCommons.java:169) 
<INFO> DbOpsOracle: msecs to check a conn: 0
2012-02-22 13:32:53 <Thread-2> com.d2.util.log.LoggerCommons.println(LoggerCommons.java:169) 
<INFO> DbOpsOracle: msecs to check a conn: 0
2012-02-22 13:42:53 <Thread-2> com.d2.util.log.LoggerCommons.println(LoggerCommons.java:169) 
<INFO> DbOpsOracle: msecs to check a conn: 0
2012-02-22 13:52:53 <Thread-2> com.d2.util.log.LoggerCommons.println(LoggerCommons.java:169) 
<INFO> DbOpsMySql: conn is bad! com.mysql.jdbc.exceptions.jdbc4.CommunicationsException: The last packet successfully received from the server was 72,005,344 milliseconds ago.  The last packet sent successfully to the server was 72,005,344 milliseconds ago. is longer than the server configured value of 'wait_timeout'. You should consider either expiring and/or testing connection validity before use in your application, increasing the server configured values for client timeouts, or using the Connector/J connection property 'autoReconnect=true' to avoid this problem.
2012-02-22 13:52:53 <Thread-2> com.d2.util.log.LoggerCommons.println(LoggerCommons.java:169) 
<INFO> DbOpsOracle: msecs to check a conn: 0
2012-02-22 14:03:03 <Thread-2> com.d2.util.log.LoggerCommons.println(LoggerCommons.java:169) 
<INFO> DbOpsMySql: conn is bad! com.mysql.jdbc.exceptions.jdbc4.CommunicationsException: The last packet successfully received from the server was 68,410,265 milliseconds ago.  The last packet sent successfully to the server was 68,410,265 milliseconds ago. is longer than the server configured value of 'wait_timeout'. You should consider either expiring and/or testing connection validity before use in your application, increasing the server configured values for client timeouts, or using the Connector/J connection property 'autoReconnect=true' to avoid this problem.
2012-02-22 14:03:03 <Thread-2> com.d2.util.log.LoggerCommons.println(LoggerCommons.java:169) 
<INFO> DbOpsOracle: msecs to check a conn: 0
2012-02-22 14:13:03 <Thread-2> com.d2.util.log.LoggerCommons.println(LoggerCommons.java:169) 
<INFO> DbOpsOracle: msecs to check a conn: 0
2012-02-22 14:23:03 <Thread-2> com.d2.util.log.LoggerCommons.println(LoggerCommons.java:169) 
<INFO> DbOpsOracle: msecs to check a conn: 0
2012-02-22 14:33:03 <Thread-2> com.d2.util.log.LoggerCommons.println(LoggerCommons.java:169) 
<INFO> DbOpsOracle: msecs to check a conn: 0
2012-02-22 14:43:03 <Thread-2> com.d2.util.log.LoggerCommons.println(LoggerCommons.java:169) 
<INFO> DbOpsOracle: msecs to check a conn: 0
2012-02-22 14:53:03 <Thread-2> com.d2.util.log.LoggerCommons.println(LoggerCommons.java:169) 
<INFO> DbOpsOracle: msecs to check a conn: 0
2012-02-22 15:03:03 <Thread-2> com.d2.util.log.LoggerCommons.println(LoggerCommons.java:169) 
<INFO> DbOpsOracle: msecs to check a conn: 0
2012-02-22 15:12:53 <Thread-2> com.d2.util.log.LoggerCommons.println(LoggerCommons.java:169) 
<INFO> DbOpsMySql: conn is bad! com.mysql.jdbc.exceptions.jdbc4.CommunicationsException: The last packet successfully received from the server was 71,405,328 milliseconds ago.  The last packet sent successfully to the server was 71,405,328 milliseconds ago. is longer than the server configured value of 'wait_timeout'. You should consider either expiring and/or testing connection validity before use in your application, increasing the server configured values for client timeouts, or using the Connector/J connection property 'autoReconnect=true' to avoid this problem.
2012-02-22 15:12:53 <Thread-2> com.d2.util.log.LoggerCommons.println(LoggerCommons.java:169) 
<INFO> DbOpsOracle: msecs to check a conn: 0
2012-02-22 15:22:58 <Thread-2> com.d2.util.log.LoggerCommons.println(LoggerCommons.java:169) 
<INFO> DbOpsOracle: msecs to check a conn: 0
2012-02-22 20:30:20 <pool-1-thread-8> com.d2.util.log.LoggerCommons.println(LoggerCommons.java:169) 
<INFO> DbOpsMySql: conn is bad! com.mysql.jdbc.exceptions.jdbc4.CommunicationsException: Communications link failure

The last packet successfully received from the server was 28,802,547 milliseconds ago.  The last packet sent successfully to the server was 0 milliseconds ago.
2012-02-22 20:30:20 <pool-1-thread-8> com.d2.util.log.LoggerCommons.println(LoggerCommons.java:169) 
<INFO> DbOpsOracle: msecs to check a conn: 0
