2012-02-18 07:22:06 <Thread-2> com.d2.util.log.LoggerCommons.println(LoggerCommons.java:169) 
<INFO> DbOpsMySql: conn is bad! com.mysql.jdbc.exceptions.jdbc4.CommunicationsException: The last packet successfully received from the server was 65,410,156 milliseconds ago.  The last packet sent successfully to the server was 65,410,156 milliseconds ago. is longer than the server configured value of 'wait_timeout'. You should consider either expiring and/or testing connection validity before use in your application, increasing the server configured values for client timeouts, or using the Connector/J connection property 'autoReconnect=true' to avoid this problem.
2012-02-18 07:22:06 <Thread-2> com.d2.util.log.LoggerCommons.println(LoggerCommons.java:169) 
<INFO> DbOpsOracle: msecs to check a conn: 0
2012-02-18 07:32:06 <Thread-2> com.d2.util.log.LoggerCommons.println(LoggerCommons.java:169) 
<INFO> DbOpsOracle: msecs to check a conn: 0
2012-02-18 07:42:06 <Thread-2> com.d2.util.log.LoggerCommons.println(LoggerCommons.java:169) 
<INFO> DbOpsOracle: msecs to check a conn: 0
2012-02-18 07:52:06 <Thread-2> com.d2.util.log.LoggerCommons.println(LoggerCommons.java:169) 
<INFO> DbOpsOracle: msecs to check a conn: 0
2012-02-18 08:02:06 <Thread-2> com.d2.util.log.LoggerCommons.println(LoggerCommons.java:169) 
<INFO> DbOpsOracle: msecs to check a conn: 0
2012-02-18 08:12:06 <Thread-2> com.d2.util.log.LoggerCommons.println(LoggerCommons.java:169) 
<INFO> DbOpsOracle: msecs to check a conn: 0
2012-02-18 08:22:06 <Thread-2> com.d2.util.log.LoggerCommons.println(LoggerCommons.java:169) 
<INFO> DbOpsOracle: msecs to check a conn: 0
2012-02-18 08:32:06 <Thread-2> com.d2.util.log.LoggerCommons.println(LoggerCommons.java:169) 
<INFO> DbOpsOracle: msecs to check a conn: 0
2012-02-18 08:42:06 <Thread-2> com.d2.util.log.LoggerCommons.println(LoggerCommons.java:169) 
<INFO> DbOpsOracle: msecs to check a conn: 0
2012-02-18 08:52:06 <Thread-2> com.d2.util.log.LoggerCommons.println(LoggerCommons.java:169) 
<INFO> DbOpsOracle: msecs to check a conn: 0
2012-02-18 09:02:06 <Thread-2> com.d2.util.log.LoggerCommons.println(LoggerCommons.java:169) 
<INFO> DbOpsOracle: msecs to check a conn: 0
2012-02-18 09:12:06 <Thread-2> com.d2.util.log.LoggerCommons.println(LoggerCommons.java:169) 
<INFO> DbOpsOracle: msecs to check a conn: 0
2012-02-18 09:22:06 <Thread-2> com.d2.util.log.LoggerCommons.println(LoggerCommons.java:169) 
<INFO> DbOpsMySql: conn is bad! com.mysql.jdbc.exceptions.jdbc4.CommunicationsException: The last packet successfully received from the server was 70,810,296 milliseconds ago.  The last packet sent successfully to the server was 70,810,296 milliseconds ago. is longer than the server configured value of 'wait_timeout'. You should consider either expiring and/or testing connection validity before use in your application, increasing the server configured values for client timeouts, or using the Connector/J connection property 'autoReconnect=true' to avoid this problem.
2012-02-18 09:22:06 <Thread-2> com.d2.util.log.LoggerCommons.println(LoggerCommons.java:169) 
<INFO> DbOpsOracle: msecs to check a conn: 0
2012-02-18 09:32:06 <Thread-2> com.d2.util.log.LoggerCommons.println(LoggerCommons.java:169) 
<INFO> DbOpsOracle: msecs to check a conn: 0
2012-02-18 09:42:06 <Thread-2> com.d2.util.log.LoggerCommons.println(LoggerCommons.java:169) 
<INFO> DbOpsOracle: msecs to check a conn: 0
2012-02-18 09:52:06 <Thread-2> com.d2.util.log.LoggerCommons.println(LoggerCommons.java:169) 
<INFO> DbOpsMySql: conn is bad! com.mysql.jdbc.exceptions.jdbc4.CommunicationsException: The last packet successfully received from the server was 72,005,311 milliseconds ago.  The last packet sent successfully to the server was 72,005,311 milliseconds ago. is longer than the server configured value of 'wait_timeout'. You should consider either expiring and/or testing connection validity before use in your application, increasing the server configured values for client timeouts, or using the Connector/J connection property 'autoReconnect=true' to avoid this problem.
2012-02-18 09:52:06 <Thread-2> com.d2.util.log.LoggerCommons.println(LoggerCommons.java:169) 
<INFO> DbOpsOracle: msecs to check a conn: 0
2012-02-18 10:02:06 <Thread-2> com.d2.util.log.LoggerCommons.println(LoggerCommons.java:169) 
<INFO> DbOpsMySql: conn is bad! com.mysql.jdbc.exceptions.jdbc4.CommunicationsException: The last packet successfully received from the server was 68,405,265 milliseconds ago.  The last packet sent successfully to the server was 68,405,280 milliseconds ago. is longer than the server configured value of 'wait_timeout'. You should consider either expiring and/or testing connection validity before use in your application, increasing the server configured values for client timeouts, or using the Connector/J connection property 'autoReconnect=true' to avoid this problem.
2012-02-18 10:02:06 <Thread-2> com.d2.util.log.LoggerCommons.println(LoggerCommons.java:169) 
<INFO> DbOpsOracle: msecs to check a conn: 0
2012-02-18 10:12:06 <Thread-2> com.d2.util.log.LoggerCommons.println(LoggerCommons.java:169) 
<INFO> DbOpsOracle: msecs to check a conn: 0
2012-02-18 10:22:06 <Thread-2> com.d2.util.log.LoggerCommons.println(LoggerCommons.java:169) 
<INFO> DbOpsOracle: msecs to check a conn: 0
2012-02-18 10:32:06 <Thread-2> com.d2.util.log.LoggerCommons.println(LoggerCommons.java:169) 
<INFO> DbOpsOracle: msecs to check a conn: 0
2012-02-18 10:42:06 <Thread-2> com.d2.util.log.LoggerCommons.println(LoggerCommons.java:169) 
<INFO> DbOpsOracle: msecs to check a conn: 0
2012-02-18 10:52:07 <Thread-2> com.d2.util.log.LoggerCommons.println(LoggerCommons.java:169) 
<INFO> DbOpsOracle: msecs to check a conn: 0
2012-02-18 11:02:07 <Thread-2> com.d2.util.log.LoggerCommons.println(LoggerCommons.java:169) 
<INFO> DbOpsOracle: msecs to check a conn: 0
2012-02-18 11:12:07 <Thread-2> com.d2.util.log.LoggerCommons.println(LoggerCommons.java:169) 
<INFO> DbOpsMySql: conn is bad! com.mysql.jdbc.exceptions.jdbc4.CommunicationsException: The last packet successfully received from the server was 71,405,328 milliseconds ago.  The last packet sent successfully to the server was 71,405,328 milliseconds ago. is longer than the server configured value of 'wait_timeout'. You should consider either expiring and/or testing connection validity before use in your application, increasing the server configured values for client timeouts, or using the Connector/J connection property 'autoReconnect=true' to avoid this problem.
2012-02-18 11:12:07 <Thread-2> com.d2.util.log.LoggerCommons.println(LoggerCommons.java:169) 
<INFO> DbOpsOracle: msecs to check a conn: 0
2012-02-18 11:22:07 <Thread-2> com.d2.util.log.LoggerCommons.println(LoggerCommons.java:169) 
<INFO> DbOpsOracle: msecs to check a conn: 0
2012-02-18 12:30:16 <pool-1-thread-8> com.d2.util.log.LoggerCommons.println(LoggerCommons.java:169) 
<INFO> DbOpsMySql: conn is bad! com.mysql.jdbc.exceptions.jdbc4.CommunicationsException: The last packet successfully received from the server was 57,596,281 milliseconds ago.  The last packet sent successfully to the server was 57,596,281 milliseconds ago. is longer than the server configured value of 'wait_timeout'. You should consider either expiring and/or testing connection validity before use in your application, increasing the server configured values for client timeouts, or using the Connector/J connection property 'autoReconnect=true' to avoid this problem.
2012-02-18 12:30:16 <pool-1-thread-8> com.d2.util.log.LoggerCommons.println(LoggerCommons.java:169) 
<INFO> DbOpsOracle: msecs to check a conn: 0
2012-02-18 20:30:18 <pool-1-thread-8> com.d2.util.log.LoggerCommons.println(LoggerCommons.java:169) 
<INFO> DbOpsMySql: conn is bad! com.mysql.jdbc.exceptions.jdbc4.CommunicationsException: Communications link failure

The last packet successfully received from the server was 28,802,531 milliseconds ago.  The last packet sent successfully to the server was 0 milliseconds ago.
2012-02-18 20:30:18 <pool-1-thread-8> com.d2.util.log.LoggerCommons.println(LoggerCommons.java:169) 
<INFO> DbOpsOracle: msecs to check a conn: 0
