2012-02-21 12:30:18 <pool-1-thread-8> com.d2.util.log.LoggerCommons.println(LoggerCommons.java:169) 
<INFO> DbOpsMySql: conn is bad! com.mysql.jdbc.exceptions.jdbc4.CommunicationsException: The last packet successfully received from the server was 57,602,531 milliseconds ago.  The last packet sent successfully to the server was 57,602,531 milliseconds ago. is longer than the server configured value of 'wait_timeout'. You should consider either expiring and/or testing connection validity before use in your application, increasing the server configured values for client timeouts, or using the Connector/J connection property 'autoReconnect=true' to avoid this problem.
2012-02-21 12:30:18 <pool-1-thread-8> com.d2.util.log.LoggerCommons.println(LoggerCommons.java:169) 
<INFO> DbOpsOracle: msecs to check a conn: 0
2012-02-21 15:22:43 <Thread-2> com.d2.util.log.LoggerCommons.println(LoggerCommons.java:169) 
<INFO> DbOpsMySql: conn is bad! com.mysql.jdbc.exceptions.jdbc4.CommunicationsException: The last packet successfully received from the server was 65,405,188 milliseconds ago.  The last packet sent successfully to the server was 65,405,188 milliseconds ago. is longer than the server configured value of 'wait_timeout'. You should consider either expiring and/or testing connection validity before use in your application, increasing the server configured values for client timeouts, or using the Connector/J connection property 'autoReconnect=true' to avoid this problem.
2012-02-21 15:22:43 <Thread-2> com.d2.util.log.LoggerCommons.println(LoggerCommons.java:169) 
<INFO> DbOpsOracle: msecs to check a conn: 0
2012-02-21 15:32:43 <Thread-2> com.d2.util.log.LoggerCommons.println(LoggerCommons.java:169) 
<INFO> DbOpsOracle: msecs to check a conn: 0
2012-02-21 15:42:43 <Thread-2> com.d2.util.log.LoggerCommons.println(LoggerCommons.java:169) 
<INFO> DbOpsOracle: msecs to check a conn: 0
2012-02-21 15:52:43 <Thread-2> com.d2.util.log.LoggerCommons.println(LoggerCommons.java:169) 
<INFO> DbOpsOracle: msecs to check a conn: 0
2012-02-21 16:02:43 <Thread-2> com.d2.util.log.LoggerCommons.println(LoggerCommons.java:169) 
<INFO> DbOpsOracle: msecs to check a conn: 0
2012-02-21 16:12:43 <Thread-2> com.d2.util.log.LoggerCommons.println(LoggerCommons.java:169) 
<INFO> DbOpsOracle: msecs to check a conn: 0
2012-02-21 16:22:43 <Thread-2> com.d2.util.log.LoggerCommons.println(LoggerCommons.java:169) 
<INFO> DbOpsOracle: msecs to check a conn: 0
2012-02-21 16:32:43 <Thread-2> com.d2.util.log.LoggerCommons.println(LoggerCommons.java:169) 
<INFO> DbOpsOracle: msecs to check a conn: 0
2012-02-21 16:42:43 <Thread-2> com.d2.util.log.LoggerCommons.println(LoggerCommons.java:169) 
<INFO> DbOpsOracle: msecs to check a conn: 0
2012-02-21 16:52:43 <Thread-2> com.d2.util.log.LoggerCommons.println(LoggerCommons.java:169) 
<INFO> DbOpsOracle: msecs to check a conn: 0
2012-02-21 17:02:43 <Thread-2> com.d2.util.log.LoggerCommons.println(LoggerCommons.java:169) 
<INFO> DbOpsOracle: msecs to check a conn: 0
2012-02-21 17:12:43 <Thread-2> com.d2.util.log.LoggerCommons.println(LoggerCommons.java:169) 
<INFO> DbOpsOracle: msecs to check a conn: 0
2012-02-21 17:22:43 <Thread-2> com.d2.util.log.LoggerCommons.println(LoggerCommons.java:169) 
<INFO> DbOpsMySql: conn is bad! com.mysql.jdbc.exceptions.jdbc4.CommunicationsException: The last packet successfully received from the server was 70,805,343 milliseconds ago.  The last packet sent successfully to the server was 70,805,343 milliseconds ago. is longer than the server configured value of 'wait_timeout'. You should consider either expiring and/or testing connection validity before use in your application, increasing the server configured values for client timeouts, or using the Connector/J connection property 'autoReconnect=true' to avoid this problem.
2012-02-21 17:22:43 <Thread-2> com.d2.util.log.LoggerCommons.println(LoggerCommons.java:169) 
<INFO> DbOpsOracle: msecs to check a conn: 0
2012-02-21 17:32:43 <Thread-2> com.d2.util.log.LoggerCommons.println(LoggerCommons.java:169) 
<INFO> DbOpsOracle: msecs to check a conn: 0
2012-02-21 17:42:48 <Thread-2> com.d2.util.log.LoggerCommons.println(LoggerCommons.java:169) 
<INFO> DbOpsOracle: msecs to check a conn: 0
2012-02-21 17:52:48 <Thread-2> com.d2.util.log.LoggerCommons.println(LoggerCommons.java:169) 
<INFO> DbOpsMySql: conn is bad! com.mysql.jdbc.exceptions.jdbc4.CommunicationsException: The last packet successfully received from the server was 72,010,359 milliseconds ago.  The last packet sent successfully to the server was 72,010,359 milliseconds ago. is longer than the server configured value of 'wait_timeout'. You should consider either expiring and/or testing connection validity before use in your application, increasing the server configured values for client timeouts, or using the Connector/J connection property 'autoReconnect=true' to avoid this problem.
2012-02-21 17:52:48 <Thread-2> com.d2.util.log.LoggerCommons.println(LoggerCommons.java:169) 
<INFO> DbOpsOracle: msecs to check a conn: 0
2012-02-21 18:02:53 <Thread-2> com.d2.util.log.LoggerCommons.println(LoggerCommons.java:169) 
<INFO> DbOpsMySql: conn is bad! com.mysql.jdbc.exceptions.jdbc4.CommunicationsException: The last packet successfully received from the server was 68,405,281 milliseconds ago.  The last packet sent successfully to the server was 68,405,281 milliseconds ago. is longer than the server configured value of 'wait_timeout'. You should consider either expiring and/or testing connection validity before use in your application, increasing the server configured values for client timeouts, or using the Connector/J connection property 'autoReconnect=true' to avoid this problem.
2012-02-21 18:02:53 <Thread-2> com.d2.util.log.LoggerCommons.println(LoggerCommons.java:169) 
<INFO> DbOpsOracle: msecs to check a conn: 0
2012-02-21 18:12:53 <Thread-2> com.d2.util.log.LoggerCommons.println(LoggerCommons.java:169) 
<INFO> DbOpsOracle: msecs to check a conn: 0
2012-02-21 18:22:53 <Thread-2> com.d2.util.log.LoggerCommons.println(LoggerCommons.java:169) 
<INFO> DbOpsOracle: msecs to check a conn: 0
2012-02-21 18:32:53 <Thread-2> com.d2.util.log.LoggerCommons.println(LoggerCommons.java:169) 
<INFO> DbOpsOracle: msecs to check a conn: 0
2012-02-21 18:42:53 <Thread-2> com.d2.util.log.LoggerCommons.println(LoggerCommons.java:169) 
<INFO> DbOpsOracle: msecs to check a conn: 0
2012-02-21 18:52:53 <Thread-2> com.d2.util.log.LoggerCommons.println(LoggerCommons.java:169) 
<INFO> DbOpsOracle: msecs to check a conn: 0
2012-02-21 19:02:53 <Thread-2> com.d2.util.log.LoggerCommons.println(LoggerCommons.java:169) 
<INFO> DbOpsOracle: msecs to check a conn: 0
2012-02-21 19:12:48 <Thread-2> com.d2.util.log.LoggerCommons.println(LoggerCommons.java:169) 
<INFO> DbOpsMySql: conn is bad! com.mysql.jdbc.exceptions.jdbc4.CommunicationsException: The last packet successfully received from the server was 71,410,344 milliseconds ago.  The last packet sent successfully to the server was 71,410,344 milliseconds ago. is longer than the server configured value of 'wait_timeout'. You should consider either expiring and/or testing connection validity before use in your application, increasing the server configured values for client timeouts, or using the Connector/J connection property 'autoReconnect=true' to avoid this problem.
2012-02-21 19:12:48 <Thread-2> com.d2.util.log.LoggerCommons.println(LoggerCommons.java:169) 
<INFO> DbOpsOracle: msecs to check a conn: 0
2012-02-21 19:22:48 <Thread-2> com.d2.util.log.LoggerCommons.println(LoggerCommons.java:169) 
<INFO> DbOpsOracle: msecs to check a conn: 0
2012-02-21 20:30:21 <pool-1-thread-8> com.d2.util.log.LoggerCommons.println(LoggerCommons.java:169) 
<INFO> DbOpsMySql: conn is bad! com.mysql.jdbc.exceptions.jdbc4.CommunicationsException: Communications link failure

The last packet successfully received from the server was 28,802,531 milliseconds ago.  The last packet sent successfully to the server was 0 milliseconds ago.
2012-02-21 20:30:21 <pool-1-thread-8> com.d2.util.log.LoggerCommons.println(LoggerCommons.java:169) 
<INFO> DbOpsOracle: msecs to check a conn: 0
