[17:40:35] Application Start
[17:40:58] 转换线程启动
[17:40:58] 分析Item/Item.xlsx:toolitem
[17:40:59] 分析Item/Item.xlsx:taskitem
[17:41:0] 分析Item/Item.xlsx:jewelitem
[17:41:2] 分析Item/Item.xlsx:cropitem
[17:41:4] 分析Pet/PetItem.xlsx:PetItem
[17:41:11] 分析Pet/PetItem.xlsx:PetReel
[17:41:13] 分析Equip/Equip.xlsx:equipitem
[17:41:24] 分析Item/Item.xlsx:pharmacyitem
[17:41:24] 分析Item/Item.xlsx:debrisitem
[17:41:36] 分析Equip/Equip.xlsx:avataritem
[17:42:27] 分析Item/Item.xlsx:skillbook
[17:42:28] 分析Item/Item.xlsx:composemethoditem
[17:42:28] 分析Item/Item.xlsx:giftbagitem
[17:42:28] 分析Item/Item.xlsx:fooditem
[17:42:32] 分析Equip/Equip.xlsx:magicitem
[17:42:37] 分析Item/Item.xlsx:freetimesitem
[17:42:37] 分析Item/Item.xlsx:effortitem
[17:42:38] 分析Item/Item.xlsx:diceitem
[17:42:38] 分析Item/Item.xlsx:titleitem
[17:42:38] 分析Item/Item.xlsx:impressitem
[17:42:38] 分析Item/Item.xlsx:impressrateitem
[17:42:38] 分析Item/Item.xlsx:HomeEgg
[17:42:39] 分析Item/Item.xlsx:carditem
[17:42:40] 生成文件item.ini
[17:42:41] 分析Commerce/VirtualShop.xlsx:virtualshop
[17:42:42] 生成文件virtualshop.ini
[17:42:43] 分析Drop/Drop.xlsx:DropLib
[17:42:44] 生成文件DropLib.ini
[17:42:44] 分析Drop/Drop.xlsx:DropItemLib
[17:45:40] 生成文件DropItemLib.ini
[17:45:41] 分析Drop/Drop.xlsx:FixedDropLib
[17:45:43] 生成文件FixedDropLib.ini
[17:45:43] 生成成功
[17:45:43] 关闭Excel读取环境
[17:45:43] 文件生成结束
