[11:48:58] Application Start
[11:49:16] 转换线程启动
[11:49:16] 分析Item/Item.xlsx:toolitem
[11:49:16] 分析Item/Item.xlsx:taskitem
[11:49:17] 分析Item/Item.xlsx:jewelitem
[11:49:19] 分析Item/Item.xlsx:cropitem
[11:49:21] 分析Pet/PetItem.xlsx:PetItem
[11:49:29] 分析Pet/PetItem.xlsx:PetReel
[11:49:31] 分析Equip/Equip.xlsx:equipitem
[11:49:42] 分析Item/Item.xlsx:pharmacyitem
[11:49:43] 分析Item/Item.xlsx:debrisitem
[11:49:54] 分析Equip/Equip.xlsx:avataritem
[11:50:47] 分析Item/Item.xlsx:skillbook
[11:50:48] 分析Item/Item.xlsx:composemethoditem
[11:50:48] 分析Item/Item.xlsx:giftbagitem
[11:50:48] 分析Item/Item.xlsx:fooditem
[11:50:52] 分析Equip/Equip.xlsx:magicitem
[11:50:57] 分析Item/Item.xlsx:freetimesitem
[11:50:57] 分析Item/Item.xlsx:effortitem
[11:50:57] 分析Item/Item.xlsx:diceitem
[11:50:57] 分析Item/Item.xlsx:titleitem
[11:50:58] 分析Item/Item.xlsx:impressitem
[11:50:58] 分析Item/Item.xlsx:impressrateitem
[11:50:58] 分析Item/Item.xlsx:HomeEgg
[11:50:59] 分析Item/Item.xlsx:carditem
[11:51:0] 生成文件item.ini
[11:51:1] 分析Item/ItemRecord.xlsx:record
[11:51:1] 生成文件itemrecordvalue.ini
[11:51:2] 分析item/Item.xlsx:ItemCDTimeCfg
[11:51:2] 生成文件ItemCDTimeCfg.ini
[11:51:3] 分析Drop/Drop.xlsx:DropLib
[11:51:4] 生成文件DropLib.ini
[11:51:4] 分析Drop/Drop.xlsx:DropItemLib
[11:53:53] 生成文件DropItemLib.ini
[11:53:54] 分析Drop/Drop.xlsx:FixedDropLib
[11:53:56] 生成文件FixedDropLib.ini
[11:53:56] 生成成功
[11:53:56] 关闭Excel读取环境
[11:53:56] 文件生成结束
